This file contains any messages produced by compilers while
running configure, to aid debugging if configure makes a mistake.

It was created by glog configure 0.3.4, which was
generated by GNU Autoconf 2.69.  Invocation command line was

  $ ./configure --without-libunwind

## --------- ##
## Platform. ##
## --------- ##

hostname = bsmr-dev01k.yabs.yandex.ru
uname -m = x86_64
uname -r = 3.18.22-26
uname -s = Linux
uname -v = #17 SMP Wed Oct 28 14:32:46 MSK 2015

/usr/bin/uname -p = unknown
/bin/uname -X     = unknown

/bin/arch              = unknown
/usr/bin/arch -k       = unknown
/usr/convex/getsysinfo = unknown
/usr/bin/hostinfo      = unknown
/bin/machine           = unknown
/usr/bin/oslevel       = unknown
/bin/universe          = unknown

PATH: /usr/local/sbin
PATH: /usr/local/bin
PATH: /usr/sbin
PATH: /usr/bin
PATH: /sbin
PATH: /bin


## ----------- ##
## Core tests. ##
## ----------- ##

configure:2788: checking for a BSD-compatible install
configure:2856: result: /usr/bin/install -c
configure:2867: checking whether build environment is sane
configure:2922: result: yes
configure:2960: WARNING: 'missing' script is too old or missing
configure:3073: checking for a thread-safe mkdir -p
configure:3112: result: /bin/mkdir -p
configure:3119: checking for gawk
configure:3135: found /usr/bin/gawk
configure:3146: result: gawk
configure:3157: checking whether make sets $(MAKE)
configure:3179: result: yes
configure:3208: checking whether make supports nested variables
configure:3225: result: yes
configure:3409: checking for gcc
configure:3436: result: /home/alxmopo3ov/.ya/tools/48150207/bin/clang
configure:3665: checking for C compiler version
configure:3674: /home/alxmopo3ov/.ya/tools/48150207/bin/clang --version >&5
clang version 3.7.0 (tags/RELEASE_370/final)
Target: x86_64-unknown-linux-gnu
Thread model: posix
configure:3685: $? = 0
configure:3674: /home/alxmopo3ov/.ya/tools/48150207/bin/clang -v >&5
clang version 3.7.0 (tags/RELEASE_370/final)
Target: x86_64-unknown-linux-gnu
Thread model: posix
Found candidate GCC installation: /home/alxmopo3ov/.ya/tools/48150207/bin/../lib/gcc/x86_64-unknown-linux-gnu/4.9.2
Found candidate GCC installation: /home/alxmopo3ov/.ya/tools/48150207/bin/../lib64/gcc/x86_64-unknown-linux-gnu/4.9.2
Found candidate GCC installation: /usr/lib/gcc/x86_64-linux-gnu/4.6
Found candidate GCC installation: /usr/lib/gcc/x86_64-linux-gnu/4.6.3
Found candidate GCC installation: /usr/lib/gcc/x86_64-linux-gnu/4.8
Found candidate GCC installation: /usr/lib/gcc/x86_64-linux-gnu/4.8.1
Found candidate GCC installation: /usr/lib/gcc/x86_64-linux-gnu/4.9
... rest of stderr output deleted ...
configure:3685: $? = 0
configure:3674: /home/alxmopo3ov/.ya/tools/48150207/bin/clang -V >&5
clang-3.7: error: argument to '-V' is missing (expected 1 value)
clang-3.7: error: no input files
configure:3685: $? = 1
configure:3674: /home/alxmopo3ov/.ya/tools/48150207/bin/clang -qversion >&5
clang-3.7: error: unknown argument: '-qversion'
clang-3.7: error: no input files
configure:3685: $? = 1
configure:3705: checking whether the C compiler works
configure:3727: /home/alxmopo3ov/.ya/tools/48150207/bin/clang   -L/mnt/raid/home/alxmopo3ov/.ya/tools/48150207/lib conftest.c  >&5
configure:3731: $? = 0
configure:3779: result: yes
configure:3782: checking for C compiler default output file name
configure:3784: result: a.out
configure:3790: checking for suffix of executables
configure:3797: /home/alxmopo3ov/.ya/tools/48150207/bin/clang -o conftest   -L/mnt/raid/home/alxmopo3ov/.ya/tools/48150207/lib conftest.c  >&5
configure:3801: $? = 0
configure:3823: result:
configure:3845: checking whether we are cross compiling
configure:3853: /home/alxmopo3ov/.ya/tools/48150207/bin/clang -o conftest   -L/mnt/raid/home/alxmopo3ov/.ya/tools/48150207/lib conftest.c  >&5
configure:3857: $? = 0
configure:3864: ./conftest
configure:3868: $? = 0
configure:3883: result: no
configure:3888: checking for suffix of object files
configure:3910: /home/alxmopo3ov/.ya/tools/48150207/bin/clang -c   conftest.c >&5
configure:3914: $? = 0
configure:3935: result: o
configure:3939: checking whether we are using the GNU C compiler
configure:3958: /home/alxmopo3ov/.ya/tools/48150207/bin/clang -c   conftest.c >&5
configure:3958: $? = 0
configure:3967: result: yes
configure:3976: checking whether /home/alxmopo3ov/.ya/tools/48150207/bin/clang accepts -g
configure:3996: /home/alxmopo3ov/.ya/tools/48150207/bin/clang -c -g  conftest.c >&5
configure:3996: $? = 0
configure:4037: result: yes
configure:4054: checking for /home/alxmopo3ov/.ya/tools/48150207/bin/clang option to accept ISO C89
configure:4117: /home/alxmopo3ov/.ya/tools/48150207/bin/clang  -c -g -O2  conftest.c >&5
configure:4117: $? = 0
configure:4130: result: none needed
configure:4155: checking whether /home/alxmopo3ov/.ya/tools/48150207/bin/clang understands -c and -o together
configure:4177: /home/alxmopo3ov/.ya/tools/48150207/bin/clang -c conftest.c -o conftest2.o
configure:4180: $? = 0
configure:4177: /home/alxmopo3ov/.ya/tools/48150207/bin/clang -c conftest.c -o conftest2.o
configure:4180: $? = 0
configure:4192: result: yes
configure:4220: checking for style of include used by make
configure:4248: result: GNU
configure:4274: checking dependency style of /home/alxmopo3ov/.ya/tools/48150207/bin/clang
configure:4385: result: gcc3
configure:4405: checking how to run the C preprocessor
configure:4436: /home/alxmopo3ov/.ya/tools/48150207/bin/clang -E  conftest.c
configure:4436: $? = 0
configure:4450: /home/alxmopo3ov/.ya/tools/48150207/bin/clang -E  conftest.c
conftest.c:11:10: fatal error: 'ac_nonexistent.h' file not found
#include <ac_nonexistent.h>
         ^
1 error generated.
configure:4450: $? = 1
configure: failed program was:
| /* confdefs.h */
| #define PACKAGE_NAME "glog"
| #define PACKAGE_TARNAME "glog"
| #define PACKAGE_VERSION "0.3.4"
| #define PACKAGE_STRING "glog 0.3.4"
| #define PACKAGE_BUGREPORT "opensource@google.com"
| #define PACKAGE_URL ""
| #define PACKAGE "glog"
| #define VERSION "0.3.4"
| /* end confdefs.h.  */
| #include <ac_nonexistent.h>
configure:4475: result: /home/alxmopo3ov/.ya/tools/48150207/bin/clang -E
configure:4495: /home/alxmopo3ov/.ya/tools/48150207/bin/clang -E  conftest.c
configure:4495: $? = 0
configure:4509: /home/alxmopo3ov/.ya/tools/48150207/bin/clang -E  conftest.c
conftest.c:11:10: fatal error: 'ac_nonexistent.h' file not found
#include <ac_nonexistent.h>
         ^
1 error generated.
configure:4509: $? = 1
configure: failed program was:
| /* confdefs.h */
| #define PACKAGE_NAME "glog"
| #define PACKAGE_TARNAME "glog"
| #define PACKAGE_VERSION "0.3.4"
| #define PACKAGE_STRING "glog 0.3.4"
| #define PACKAGE_BUGREPORT "opensource@google.com"
| #define PACKAGE_URL ""
| #define PACKAGE "glog"
| #define VERSION "0.3.4"
| /* end confdefs.h.  */
| #include <ac_nonexistent.h>
configure:4649: checking for C++ compiler version
configure:4658: /home/alxmopo3ov/.ya/tools/48150207/bin/clang++ --version >&5
clang version 3.7.0 (tags/RELEASE_370/final)
Target: x86_64-unknown-linux-gnu
Thread model: posix
configure:4669: $? = 0
configure:4658: /home/alxmopo3ov/.ya/tools/48150207/bin/clang++ -v >&5
clang version 3.7.0 (tags/RELEASE_370/final)
Target: x86_64-unknown-linux-gnu
Thread model: posix
Found candidate GCC installation: /home/alxmopo3ov/.ya/tools/48150207/bin/../lib/gcc/x86_64-unknown-linux-gnu/4.9.2
Found candidate GCC installation: /home/alxmopo3ov/.ya/tools/48150207/bin/../lib64/gcc/x86_64-unknown-linux-gnu/4.9.2
Found candidate GCC installation: /usr/lib/gcc/x86_64-linux-gnu/4.6
Found candidate GCC installation: /usr/lib/gcc/x86_64-linux-gnu/4.6.3
Found candidate GCC installation: /usr/lib/gcc/x86_64-linux-gnu/4.8
Found candidate GCC installation: /usr/lib/gcc/x86_64-linux-gnu/4.8.1
Found candidate GCC installation: /usr/lib/gcc/x86_64-linux-gnu/4.9
... rest of stderr output deleted ...
configure:4669: $? = 0
configure:4658: /home/alxmopo3ov/.ya/tools/48150207/bin/clang++ -V >&5
clang-3.7: error: argument to '-V' is missing (expected 1 value)
clang-3.7: error: no input files
configure:4669: $? = 1
configure:4658: /home/alxmopo3ov/.ya/tools/48150207/bin/clang++ -qversion >&5
clang-3.7: error: unknown argument: '-qversion'
clang-3.7: error: no input files
configure:4669: $? = 1
configure:4673: checking whether we are using the GNU C++ compiler
configure:4692: /home/alxmopo3ov/.ya/tools/48150207/bin/clang++ -c -std=c++11  conftest.cpp >&5
configure:4692: $? = 0
configure:4701: result: yes
configure:4710: checking whether /home/alxmopo3ov/.ya/tools/48150207/bin/clang++ accepts -g
configure:4730: /home/alxmopo3ov/.ya/tools/48150207/bin/clang++ -c -g  conftest.cpp >&5
configure:4730: $? = 0
configure:4771: result: yes
configure:4796: checking dependency style of /home/alxmopo3ov/.ya/tools/48150207/bin/clang++
configure:4907: result: gcc3
configure:4960: checking build system type
configure:4974: result: x86_64-unknown-linux-gnu
configure:4994: checking host system type
configure:5007: result: x86_64-unknown-linux-gnu
configure:5048: checking how to print strings
configure:5075: result: printf
configure:5096: checking for a sed that does not truncate output
configure:5160: result: /bin/sed
configure:5178: checking for grep that handles long lines and -e
configure:5236: result: /bin/grep
configure:5241: checking for egrep
configure:5303: result: /bin/grep -E
configure:5308: checking for fgrep
configure:5370: result: /bin/grep -F
configure:5405: checking for ld used by /home/alxmopo3ov/.ya/tools/48150207/bin/clang
configure:5472: result: /home/alxmopo3ov/.ya/tools/48150207/bin/ld
configure:5479: checking if the linker (/home/alxmopo3ov/.ya/tools/48150207/bin/ld) is GNU ld
configure:5494: result: yes
configure:5506: checking for BSD- or MS-compatible name lister (nm)
configure:5555: result: /usr/bin/nm -B
configure:5685: checking the name lister (/usr/bin/nm -B) interface
configure:5692: /home/alxmopo3ov/.ya/tools/48150207/bin/clang++ -c -std=c++11  conftest.cpp >&5
configure:5695: /usr/bin/nm -B "conftest.o"
configure:5698: output
0000000000000000 B some_variable
configure:5705: result: BSD nm
configure:5708: checking whether ln -s works
configure:5712: result: yes
configure:5720: checking the maximum length of command line arguments
configure:5850: result: 1572864
configure:5867: checking whether the shell understands some XSI constructs
configure:5877: result: yes
configure:5881: checking whether the shell understands "+="
configure:5887: result: yes
configure:5922: checking how to convert x86_64-unknown-linux-gnu file names to x86_64-unknown-linux-gnu format
configure:5962: result: func_convert_file_noop
configure:5969: checking how to convert x86_64-unknown-linux-gnu file names to toolchain format
configure:5989: result: func_convert_file_noop
configure:5996: checking for /home/alxmopo3ov/.ya/tools/48150207/bin/ld option to reload object files
configure:6003: result: -r
configure:6077: checking for objdump
configure:6093: found /usr/bin/objdump
configure:6104: result: objdump
configure:6136: checking how to recognize dependent libraries
configure:6338: result: pass_all
configure:6423: checking for dlltool
configure:6453: result: no
configure:6483: checking how to associate runtime and link libraries
configure:6510: result: printf %s\n
configure:6571: checking for ar
configure:6587: found /usr/bin/ar
configure:6598: result: ar
configure:6635: checking for archiver @FILE support
configure:6652: /home/alxmopo3ov/.ya/tools/48150207/bin/clang++ -c -std=c++11  conftest.cpp >&5
configure:6652: $? = 0
configure:6655: ar cru libconftest.a @conftest.lst >&5
configure:6658: $? = 0
configure:6663: ar cru libconftest.a @conftest.lst >&5
ar: conftest.o: No such file or directory
configure:6666: $? = 1
configure:6678: result: @
configure:6736: checking for strip
configure:6752: found /usr/bin/strip
configure:6763: result: strip
configure:6835: checking for ranlib
configure:6851: found /usr/bin/ranlib
configure:6862: result: ranlib
configure:6964: checking command to parse /usr/bin/nm -B output from /home/alxmopo3ov/.ya/tools/48150207/bin/clang object
configure:7084: /home/alxmopo3ov/.ya/tools/48150207/bin/clang++ -c -std=c++11  conftest.cpp >&5
configure:7087: $? = 0
configure:7091: /usr/bin/nm -B conftest.o \| sed -n -e 's/^.*[ ]\([ABCDGIRSTW][ABCDGIRSTW]*\)[ ][ ]*\([_A-Za-z][_A-Za-z0-9]*\)$/\1 \2 \2/p' | sed '/ __gnu_lto/d' \> conftest.nm
configure:7094: $? = 0
configure:7160: /home/alxmopo3ov/.ya/tools/48150207/bin/clang++ -o conftest -std=c++11  -L/mnt/raid/home/alxmopo3ov/.ya/tools/48150207/lib conftest.cpp conftstm.o >&5
configure:7163: $? = 0
configure:7201: result: ok
configure:7238: checking for sysroot
configure:7268: result: no
configure:7346: /home/alxmopo3ov/.ya/tools/48150207/bin/clang++ -c -std=c++11  conftest.cpp >&5
configure:7349: $? = 0
configure:7525: checking for mt
configure:7541: found /bin/mt
configure:7552: result: mt
configure:7575: checking if mt is a manifest tool
configure:7581: mt '-?'
configure:7589: result: no
configure:8227: checking for ANSI C header files
configure:8247: /home/alxmopo3ov/.ya/tools/48150207/bin/clang++ -c -std=c++11  conftest.cpp >&5
configure:8247: $? = 0
./configure: line 8261: conftest.cpp: command not found
configure:8331: result: no
configure:8344: checking for sys/types.h
configure:8344: /home/alxmopo3ov/.ya/tools/48150207/bin/clang++ -c -std=c++11  conftest.cpp >&5
configure:8344: $? = 0
configure:8344: result: yes
configure:8344: checking for sys/stat.h
configure:8344: /home/alxmopo3ov/.ya/tools/48150207/bin/clang++ -c -std=c++11  conftest.cpp >&5
configure:8344: $? = 0
configure:8344: result: yes
configure:8344: checking for stdlib.h
configure:8344: /home/alxmopo3ov/.ya/tools/48150207/bin/clang++ -c -std=c++11  conftest.cpp >&5
configure:8344: $? = 0
configure:8344: result: yes
configure:8344: checking for string.h
configure:8344: /home/alxmopo3ov/.ya/tools/48150207/bin/clang++ -c -std=c++11  conftest.cpp >&5
configure:8344: $? = 0
configure:8344: result: yes
configure:8344: checking for memory.h
configure:8344: /home/alxmopo3ov/.ya/tools/48150207/bin/clang++ -c -std=c++11  conftest.cpp >&5
configure:8344: $? = 0
configure:8344: result: yes
configure:8344: checking for strings.h
configure:8344: /home/alxmopo3ov/.ya/tools/48150207/bin/clang++ -c -std=c++11  conftest.cpp >&5
configure:8344: $? = 0
configure:8344: result: yes
configure:8344: checking for inttypes.h
configure:8344: /home/alxmopo3ov/.ya/tools/48150207/bin/clang++ -c -std=c++11  conftest.cpp >&5
configure:8344: $? = 0
configure:8344: result: yes
configure:8344: checking for stdint.h
configure:8344: /home/alxmopo3ov/.ya/tools/48150207/bin/clang++ -c -std=c++11  conftest.cpp >&5
configure:8344: $? = 0
configure:8344: result: yes
configure:8344: checking for unistd.h
configure:8344: /home/alxmopo3ov/.ya/tools/48150207/bin/clang++ -c -std=c++11  conftest.cpp >&5
configure:8344: $? = 0
configure:8344: result: yes
configure:8358: checking for dlfcn.h
configure:8358: /home/alxmopo3ov/.ya/tools/48150207/bin/clang++ -c -std=c++11  conftest.cpp >&5
configure:8358: $? = 0
configure:8358: result: yes
configure:8574: checking for objdir
configure:8589: result: .libs
configure:8860: checking if /home/alxmopo3ov/.ya/tools/48150207/bin/clang supports -fno-rtti -fno-exceptions
configure:8878: /home/alxmopo3ov/.ya/tools/48150207/bin/clang -c -g -O2  -fno-rtti -fno-exceptions conftest.c >&5
configure:8882: $? = 0
configure:8895: result: yes
configure:9222: checking for /home/alxmopo3ov/.ya/tools/48150207/bin/clang option to produce PIC
configure:9229: result: -fPIC -DPIC
configure:9237: checking if /home/alxmopo3ov/.ya/tools/48150207/bin/clang PIC flag -fPIC -DPIC works
configure:9255: /home/alxmopo3ov/.ya/tools/48150207/bin/clang -c -g -O2  -fPIC -DPIC -DPIC conftest.c >&5
configure:9259: $? = 0
configure:9272: result: yes
configure:9301: checking if /home/alxmopo3ov/.ya/tools/48150207/bin/clang static flag -static works
configure:9329: result: yes
configure:9344: checking if /home/alxmopo3ov/.ya/tools/48150207/bin/clang supports -c -o file.o
configure:9365: /home/alxmopo3ov/.ya/tools/48150207/bin/clang -c -g -O2  -o out/conftest2.o conftest.c >&5
configure:9369: $? = 0
configure:9391: result: yes
configure:9399: checking if /home/alxmopo3ov/.ya/tools/48150207/bin/clang supports -c -o file.o
configure:9446: result: yes
configure:9479: checking whether the /home/alxmopo3ov/.ya/tools/48150207/bin/clang linker (/home/alxmopo3ov/.ya/tools/48150207/bin/ld -m elf_x86_64) supports shared libraries
configure:10636: result: yes
configure:10673: checking whether -lc should be explicitly linked in
configure:10681: /home/alxmopo3ov/.ya/tools/48150207/bin/clang -c -g -O2  conftest.c >&5
configure:10684: $? = 0
configure:10699: /home/alxmopo3ov/.ya/tools/48150207/bin/clang -shared  -fPIC -DPIC conftest.o  -v -Wl,-soname -Wl,conftest -o conftest 2\>\&1 \| /bin/grep  -lc  \>/dev/null 2\>\&1
configure:10702: $? = 0
configure:10716: result: no
configure:10876: checking dynamic linker characteristics
configure:11387: /home/alxmopo3ov/.ya/tools/48150207/bin/clang -o conftest -g -O2  -L/mnt/raid/home/alxmopo3ov/.ya/tools/48150207/lib -Wl,-rpath -Wl,/foo conftest.c  >&5
configure:11387: $? = 0
configure:11621: result: GNU/Linux ld.so
configure:11728: checking how to hardcode library paths into programs
configure:11753: result: immediate
configure:12293: checking whether stripping libraries is possible
configure:12298: result: yes
configure:12333: checking if libtool supports shared libraries
configure:12335: result: yes
configure:12338: checking whether to build shared libraries
configure:12359: result: yes
configure:12362: checking whether to build static libraries
configure:12366: result: yes
configure:12389: checking how to run the C++ preprocessor
configure:12416: /home/alxmopo3ov/.ya/tools/48150207/bin/clang++ -E  conftest.cpp
configure:12416: $? = 0
configure:12430: /home/alxmopo3ov/.ya/tools/48150207/bin/clang++ -E  conftest.cpp
conftest.cpp:22:10: fatal error: 'ac_nonexistent.h' file not found
#include <ac_nonexistent.h>
         ^
1 error generated.
configure:12430: $? = 1
configure: failed program was:
| /* confdefs.h */
| #define PACKAGE_NAME "glog"
| #define PACKAGE_TARNAME "glog"
| #define PACKAGE_VERSION "0.3.4"
| #define PACKAGE_STRING "glog 0.3.4"
| #define PACKAGE_BUGREPORT "opensource@google.com"
| #define PACKAGE_URL ""
| #define PACKAGE "glog"
| #define VERSION "0.3.4"
| #define HAVE_SYS_TYPES_H 1
| #define HAVE_SYS_STAT_H 1
| #define HAVE_STDLIB_H 1
| #define HAVE_STRING_H 1
| #define HAVE_MEMORY_H 1
| #define HAVE_STRINGS_H 1
| #define HAVE_INTTYPES_H 1
| #define HAVE_STDINT_H 1
| #define HAVE_UNISTD_H 1
| #define HAVE_DLFCN_H 1
| #define LT_OBJDIR ".libs/"
| /* end confdefs.h.  */
| #include <ac_nonexistent.h>
configure:12455: result: /home/alxmopo3ov/.ya/tools/48150207/bin/clang++ -E
configure:12475: /home/alxmopo3ov/.ya/tools/48150207/bin/clang++ -E  conftest.cpp
configure:12475: $? = 0
configure:12489: /home/alxmopo3ov/.ya/tools/48150207/bin/clang++ -E  conftest.cpp
conftest.cpp:22:10: fatal error: 'ac_nonexistent.h' file not found
#include <ac_nonexistent.h>
         ^
1 error generated.
configure:12489: $? = 1
configure: failed program was:
| /* confdefs.h */
| #define PACKAGE_NAME "glog"
| #define PACKAGE_TARNAME "glog"
| #define PACKAGE_VERSION "0.3.4"
| #define PACKAGE_STRING "glog 0.3.4"
| #define PACKAGE_BUGREPORT "opensource@google.com"
| #define PACKAGE_URL ""
| #define PACKAGE "glog"
| #define VERSION "0.3.4"
| #define HAVE_SYS_TYPES_H 1
| #define HAVE_SYS_STAT_H 1
| #define HAVE_STDLIB_H 1
| #define HAVE_STRING_H 1
| #define HAVE_MEMORY_H 1
| #define HAVE_STRINGS_H 1
| #define HAVE_INTTYPES_H 1
| #define HAVE_STDINT_H 1
| #define HAVE_UNISTD_H 1
| #define HAVE_DLFCN_H 1
| #define LT_OBJDIR ".libs/"
| /* end confdefs.h.  */
| #include <ac_nonexistent.h>
configure:12658: checking for ld used by /home/alxmopo3ov/.ya/tools/48150207/bin/clang++
configure:12725: result: /home/alxmopo3ov/.ya/tools/48150207/bin/ld -m elf_x86_64
configure:12732: checking if the linker (/home/alxmopo3ov/.ya/tools/48150207/bin/ld -m elf_x86_64) is GNU ld
configure:12747: result: yes
configure:12802: checking whether the /home/alxmopo3ov/.ya/tools/48150207/bin/clang++ linker (/home/alxmopo3ov/.ya/tools/48150207/bin/ld -m elf_x86_64) supports shared libraries
configure:13807: result: yes
configure:13843: /home/alxmopo3ov/.ya/tools/48150207/bin/clang++ -c -std=c++11  conftest.cpp >&5
configure:13846: $? = 0
configure:14366: checking for /home/alxmopo3ov/.ya/tools/48150207/bin/clang++ option to produce PIC
configure:14373: result: -fPIC -DPIC
configure:14381: checking if /home/alxmopo3ov/.ya/tools/48150207/bin/clang++ PIC flag -fPIC -DPIC works
configure:14399: /home/alxmopo3ov/.ya/tools/48150207/bin/clang++ -c -std=c++11  -fPIC -DPIC -DPIC conftest.cpp >&5
configure:14403: $? = 0
configure:14416: result: yes
configure:14439: checking if /home/alxmopo3ov/.ya/tools/48150207/bin/clang++ static flag -static works
configure:14467: result: yes
configure:14479: checking if /home/alxmopo3ov/.ya/tools/48150207/bin/clang++ supports -c -o file.o
configure:14500: /home/alxmopo3ov/.ya/tools/48150207/bin/clang++ -c -std=c++11  -o out/conftest2.o conftest.cpp >&5
configure:14504: $? = 0
configure:14526: result: yes
configure:14531: checking if /home/alxmopo3ov/.ya/tools/48150207/bin/clang++ supports -c -o file.o
configure:14578: result: yes
configure:14608: checking whether the /home/alxmopo3ov/.ya/tools/48150207/bin/clang++ linker (/home/alxmopo3ov/.ya/tools/48150207/bin/ld -m elf_x86_64) supports shared libraries
configure:14647: result: yes
configure:14788: checking dynamic linker characteristics
configure:15467: result: GNU/Linux ld.so
configure:15520: checking how to hardcode library paths into programs
configure:15545: result: immediate
configure:15610: checking for ANSI C header files
configure:15714: result: no
configure:15724: checking for stdint.h
configure:15724: result: yes
configure:15732: checking for sys/types.h
configure:15732: result: yes
configure:15740: checking for inttypes.h
configure:15740: result: yes
configure:15750: checking for unistd.h
configure:15750: result: yes
configure:15764: checking syscall.h usability
configure:15764: /home/alxmopo3ov/.ya/tools/48150207/bin/clang++ -c -std=c++11  conftest.cpp >&5
configure:15764: $? = 0
configure:15764: result: yes
configure:15764: checking syscall.h presence
configure:15764: /home/alxmopo3ov/.ya/tools/48150207/bin/clang++ -E  conftest.cpp
configure:15764: $? = 0
configure:15764: result: yes
configure:15764: checking for syscall.h
configure:15764: result: yes
configure:15776: checking sys/syscall.h usability
configure:15776: /home/alxmopo3ov/.ya/tools/48150207/bin/clang++ -c -std=c++11  conftest.cpp >&5
configure:15776: $? = 0
configure:15776: result: yes
configure:15776: checking sys/syscall.h presence
configure:15776: /home/alxmopo3ov/.ya/tools/48150207/bin/clang++ -E  conftest.cpp
configure:15776: $? = 0
configure:15776: result: yes
configure:15776: checking for sys/syscall.h
configure:15776: result: yes
configure:15789: checking execinfo.h usability
configure:15789: /home/alxmopo3ov/.ya/tools/48150207/bin/clang++ -c -std=c++11  conftest.cpp >&5
configure:15789: $? = 0
configure:15789: result: yes
configure:15789: checking execinfo.h presence
configure:15789: /home/alxmopo3ov/.ya/tools/48150207/bin/clang++ -E  conftest.cpp
configure:15789: $? = 0
configure:15789: result: yes
configure:15789: checking for execinfo.h
configure:15789: result: yes
configure:15802: checking libunwind.h usability
configure:15802: /home/alxmopo3ov/.ya/tools/48150207/bin/clang++ -c -std=c++11  conftest.cpp >&5
conftest.cpp:59:10: fatal error: 'libunwind.h' file not found
#include <libunwind.h>
         ^
1 error generated.
configure:15802: $? = 1
configure: failed program was:
| /* confdefs.h */
| #define PACKAGE_NAME "glog"
| #define PACKAGE_TARNAME "glog"
| #define PACKAGE_VERSION "0.3.4"
| #define PACKAGE_STRING "glog 0.3.4"
| #define PACKAGE_BUGREPORT "opensource@google.com"
| #define PACKAGE_URL ""
| #define PACKAGE "glog"
| #define VERSION "0.3.4"
| #define HAVE_SYS_TYPES_H 1
| #define HAVE_SYS_STAT_H 1
| #define HAVE_STDLIB_H 1
| #define HAVE_STRING_H 1
| #define HAVE_MEMORY_H 1
| #define HAVE_STRINGS_H 1
| #define HAVE_INTTYPES_H 1
| #define HAVE_STDINT_H 1
| #define HAVE_UNISTD_H 1
| #define HAVE_DLFCN_H 1
| #define LT_OBJDIR ".libs/"
| #define HAVE_UNISTD_H 1
| #define HAVE_SYSCALL_H 1
| #define HAVE_SYS_SYSCALL_H 1
| #define HAVE_EXECINFO_H 1
| /* end confdefs.h.  */
| #include <stdio.h>
| #ifdef HAVE_SYS_TYPES_H
| # include <sys/types.h>
| #endif
| #ifdef HAVE_SYS_STAT_H
| # include <sys/stat.h>
| #endif
| #ifdef STDC_HEADERS
| # include <stdlib.h>
| # include <stddef.h>
| #else
| # ifdef HAVE_STDLIB_H
| #  include <stdlib.h>
| # endif
| #endif
| #ifdef HAVE_STRING_H
| # if !defined STDC_HEADERS && defined HAVE_MEMORY_H
| #  include <memory.h>
| # endif
| # include <string.h>
| #endif
| #ifdef HAVE_STRINGS_H
| # include <strings.h>
| #endif
| #ifdef HAVE_INTTYPES_H
| # include <inttypes.h>
| #endif
| #ifdef HAVE_STDINT_H
| # include <stdint.h>
| #endif
| #ifdef HAVE_UNISTD_H
| # include <unistd.h>
| #endif
| #include <libunwind.h>
configure:15802: result: no
configure:15802: checking libunwind.h presence
configure:15802: /home/alxmopo3ov/.ya/tools/48150207/bin/clang++ -E  conftest.cpp
conftest.cpp:26:10: fatal error: 'libunwind.h' file not found
#include <libunwind.h>
         ^
1 error generated.
configure:15802: $? = 1
configure: failed program was:
| /* confdefs.h */
| #define PACKAGE_NAME "glog"
| #define PACKAGE_TARNAME "glog"
| #define PACKAGE_VERSION "0.3.4"
| #define PACKAGE_STRING "glog 0.3.4"
| #define PACKAGE_BUGREPORT "opensource@google.com"
| #define PACKAGE_URL ""
| #define PACKAGE "glog"
| #define VERSION "0.3.4"
| #define HAVE_SYS_TYPES_H 1
| #define HAVE_SYS_STAT_H 1
| #define HAVE_STDLIB_H 1
| #define HAVE_STRING_H 1
| #define HAVE_MEMORY_H 1
| #define HAVE_STRINGS_H 1
| #define HAVE_INTTYPES_H 1
| #define HAVE_STDINT_H 1
| #define HAVE_UNISTD_H 1
| #define HAVE_DLFCN_H 1
| #define LT_OBJDIR ".libs/"
| #define HAVE_UNISTD_H 1
| #define HAVE_SYSCALL_H 1
| #define HAVE_SYS_SYSCALL_H 1
| #define HAVE_EXECINFO_H 1
| /* end confdefs.h.  */
| #include <libunwind.h>
configure:15802: result: no
configure:15802: checking for libunwind.h
configure:15802: result: no
configure:15816: checking ucontext.h usability
configure:15816: /home/alxmopo3ov/.ya/tools/48150207/bin/clang++ -c -std=c++11  conftest.cpp >&5
configure:15816: $? = 0
configure:15816: result: yes
configure:15816: checking ucontext.h presence
configure:15816: /home/alxmopo3ov/.ya/tools/48150207/bin/clang++ -E  conftest.cpp
configure:15816: $? = 0
configure:15816: result: yes
configure:15816: checking for ucontext.h
configure:15816: result: yes
configure:15828: checking sys/utsname.h usability
configure:15828: /home/alxmopo3ov/.ya/tools/48150207/bin/clang++ -c -std=c++11  conftest.cpp >&5
configure:15828: $? = 0
configure:15828: result: yes
configure:15828: checking sys/utsname.h presence
configure:15828: /home/alxmopo3ov/.ya/tools/48150207/bin/clang++ -E  conftest.cpp
configure:15828: $? = 0
configure:15828: result: yes
configure:15828: checking for sys/utsname.h
configure:15828: result: yes
configure:15840: checking pwd.h usability
configure:15840: /home/alxmopo3ov/.ya/tools/48150207/bin/clang++ -c -std=c++11  conftest.cpp >&5
configure:15840: $? = 0
configure:15840: result: yes
configure:15840: checking pwd.h presence
configure:15840: /home/alxmopo3ov/.ya/tools/48150207/bin/clang++ -E  conftest.cpp
configure:15840: $? = 0
configure:15840: result: yes
configure:15840: checking for pwd.h
configure:15840: result: yes
configure:15852: checking syslog.h usability
configure:15852: /home/alxmopo3ov/.ya/tools/48150207/bin/clang++ -c -std=c++11  conftest.cpp >&5
configure:15852: $? = 0
configure:15852: result: yes
configure:15852: checking syslog.h presence
configure:15852: /home/alxmopo3ov/.ya/tools/48150207/bin/clang++ -E  conftest.cpp
configure:15852: $? = 0
configure:15852: result: yes
configure:15852: checking for syslog.h
configure:15852: result: yes
configure:15864: checking sys/time.h usability
configure:15864: /home/alxmopo3ov/.ya/tools/48150207/bin/clang++ -c -std=c++11  conftest.cpp >&5
configure:15864: $? = 0
configure:15864: result: yes
configure:15864: checking sys/time.h presence
configure:15864: /home/alxmopo3ov/.ya/tools/48150207/bin/clang++ -E  conftest.cpp
configure:15864: $? = 0
configure:15864: result: yes
configure:15864: checking for sys/time.h
configure:15864: result: yes
configure:15876: checking glob.h usability
configure:15876: /home/alxmopo3ov/.ya/tools/48150207/bin/clang++ -c -std=c++11  conftest.cpp >&5
configure:15876: $? = 0
configure:15876: result: yes
configure:15876: checking glob.h presence
configure:15876: /home/alxmopo3ov/.ya/tools/48150207/bin/clang++ -E  conftest.cpp
configure:15876: $? = 0
configure:15876: result: yes
configure:15876: checking for glob.h
configure:15876: result: yes
configure:15889: checking unwind.h usability
configure:15889: /home/alxmopo3ov/.ya/tools/48150207/bin/clang++ -c -std=c++11  conftest.cpp >&5
configure:15889: $? = 0
configure:15889: result: yes
configure:15889: checking unwind.h presence
configure:15889: /home/alxmopo3ov/.ya/tools/48150207/bin/clang++ -E  conftest.cpp
configure:15889: $? = 0
configure:15889: result: yes
configure:15889: checking for unwind.h
configure:15889: result: yes
configure:15900: checking windows.h usability
configure:15900: /home/alxmopo3ov/.ya/tools/48150207/bin/clang++ -c -std=c++11  conftest.cpp >&5
conftest.cpp:66:10: fatal error: 'windows.h' file not found
#include <windows.h>
         ^
1 error generated.
configure:15900: $? = 1
configure: failed program was:
| /* confdefs.h */
| #define PACKAGE_NAME "glog"
| #define PACKAGE_TARNAME "glog"
| #define PACKAGE_VERSION "0.3.4"
| #define PACKAGE_STRING "glog 0.3.4"
| #define PACKAGE_BUGREPORT "opensource@google.com"
| #define PACKAGE_URL ""
| #define PACKAGE "glog"
| #define VERSION "0.3.4"
| #define HAVE_SYS_TYPES_H 1
| #define HAVE_SYS_STAT_H 1
| #define HAVE_STDLIB_H 1
| #define HAVE_STRING_H 1
| #define HAVE_MEMORY_H 1
| #define HAVE_STRINGS_H 1
| #define HAVE_INTTYPES_H 1
| #define HAVE_STDINT_H 1
| #define HAVE_UNISTD_H 1
| #define HAVE_DLFCN_H 1
| #define LT_OBJDIR ".libs/"
| #define HAVE_UNISTD_H 1
| #define HAVE_SYSCALL_H 1
| #define HAVE_SYS_SYSCALL_H 1
| #define HAVE_EXECINFO_H 1
| #define HAVE_UCONTEXT_H 1
| #define HAVE_SYS_UTSNAME_H 1
| #define HAVE_PWD_H 1
| #define HAVE_SYSLOG_H 1
| #define HAVE_SYS_TIME_H 1
| #define HAVE_GLOB_H 1
| #define HAVE_UNWIND_H 1
| /* end confdefs.h.  */
| #include <stdio.h>
| #ifdef HAVE_SYS_TYPES_H
| # include <sys/types.h>
| #endif
| #ifdef HAVE_SYS_STAT_H
| # include <sys/stat.h>
| #endif
| #ifdef STDC_HEADERS
| # include <stdlib.h>
| # include <stddef.h>
| #else
| # ifdef HAVE_STDLIB_H
| #  include <stdlib.h>
| # endif
| #endif
| #ifdef HAVE_STRING_H
| # if !defined STDC_HEADERS && defined HAVE_MEMORY_H
| #  include <memory.h>
| # endif
| # include <string.h>
| #endif
| #ifdef HAVE_STRINGS_H
| # include <strings.h>
| #endif
| #ifdef HAVE_INTTYPES_H
| # include <inttypes.h>
| #endif
| #ifdef HAVE_STDINT_H
| # include <stdint.h>
| #endif
| #ifdef HAVE_UNISTD_H
| # include <unistd.h>
| #endif
| #include <windows.h>
configure:15900: result: no
configure:15900: checking windows.h presence
configure:15900: /home/alxmopo3ov/.ya/tools/48150207/bin/clang++ -E  conftest.cpp
conftest.cpp:33:10: fatal error: 'windows.h' file not found
#include <windows.h>
         ^
1 error generated.
configure:15900: $? = 1
configure: failed program was:
| /* confdefs.h */
| #define PACKAGE_NAME "glog"
| #define PACKAGE_TARNAME "glog"
| #define PACKAGE_VERSION "0.3.4"
| #define PACKAGE_STRING "glog 0.3.4"
| #define PACKAGE_BUGREPORT "opensource@google.com"
| #define PACKAGE_URL ""
| #define PACKAGE "glog"
| #define VERSION "0.3.4"
| #define HAVE_SYS_TYPES_H 1
| #define HAVE_SYS_STAT_H 1
| #define HAVE_STDLIB_H 1
| #define HAVE_STRING_H 1
| #define HAVE_MEMORY_H 1
| #define HAVE_STRINGS_H 1
| #define HAVE_INTTYPES_H 1
| #define HAVE_STDINT_H 1
| #define HAVE_UNISTD_H 1
| #define HAVE_DLFCN_H 1
| #define LT_OBJDIR ".libs/"
| #define HAVE_UNISTD_H 1
| #define HAVE_SYSCALL_H 1
| #define HAVE_SYS_SYSCALL_H 1
| #define HAVE_EXECINFO_H 1
| #define HAVE_UCONTEXT_H 1
| #define HAVE_SYS_UTSNAME_H 1
| #define HAVE_PWD_H 1
| #define HAVE_SYSLOG_H 1
| #define HAVE_SYS_TIME_H 1
| #define HAVE_GLOB_H 1
| #define HAVE_UNWIND_H 1
| /* end confdefs.h.  */
| #include <windows.h>
configure:15900: result: no
configure:15900: checking for windows.h
configure:15900: result: no
configure:15916: checking size of void *
configure:15921: /home/alxmopo3ov/.ya/tools/48150207/bin/clang++ -o conftest -std=c++11  -L/mnt/raid/home/alxmopo3ov/.ya/tools/48150207/lib conftest.cpp  >&5
configure:15921: $? = 0
configure:15921: ./conftest
configure:15921: $? = 0
configure:15935: result: 8
configure:15948: checking for uint16_t
configure:15948: /home/alxmopo3ov/.ya/tools/48150207/bin/clang++ -c -std=c++11  conftest.cpp >&5
configure:15948: $? = 0
configure:15948: /home/alxmopo3ov/.ya/tools/48150207/bin/clang++ -c -std=c++11  conftest.cpp >&5
conftest.cpp:70:23: error: expected expression
if (sizeof ((uint16_t)))
                      ^
1 error generated.
configure:15948: $? = 1
configure: failed program was:
| /* confdefs.h */
| #define PACKAGE_NAME "glog"
| #define PACKAGE_TARNAME "glog"
| #define PACKAGE_VERSION "0.3.4"
| #define PACKAGE_STRING "glog 0.3.4"
| #define PACKAGE_BUGREPORT "opensource@google.com"
| #define PACKAGE_URL ""
| #define PACKAGE "glog"
| #define VERSION "0.3.4"
| #define HAVE_SYS_TYPES_H 1
| #define HAVE_SYS_STAT_H 1
| #define HAVE_STDLIB_H 1
| #define HAVE_STRING_H 1
| #define HAVE_MEMORY_H 1
| #define HAVE_STRINGS_H 1
| #define HAVE_INTTYPES_H 1
| #define HAVE_STDINT_H 1
| #define HAVE_UNISTD_H 1
| #define HAVE_DLFCN_H 1
| #define LT_OBJDIR ".libs/"
| #define HAVE_UNISTD_H 1
| #define HAVE_SYSCALL_H 1
| #define HAVE_SYS_SYSCALL_H 1
| #define HAVE_EXECINFO_H 1
| #define HAVE_UCONTEXT_H 1
| #define HAVE_SYS_UTSNAME_H 1
| #define HAVE_PWD_H 1
| #define HAVE_SYSLOG_H 1
| #define HAVE_SYS_TIME_H 1
| #define HAVE_GLOB_H 1
| #define HAVE_UNWIND_H 1
| #define SIZEOF_VOID_P 8
| /* end confdefs.h.  */
| #include <stdio.h>
| #ifdef HAVE_SYS_TYPES_H
| # include <sys/types.h>
| #endif
| #ifdef HAVE_SYS_STAT_H
| # include <sys/stat.h>
| #endif
| #ifdef STDC_HEADERS
| # include <stdlib.h>
| # include <stddef.h>
| #else
| # ifdef HAVE_STDLIB_H
| #  include <stdlib.h>
| # endif
| #endif
| #ifdef HAVE_STRING_H
| # if !defined STDC_HEADERS && defined HAVE_MEMORY_H
| #  include <memory.h>
| # endif
| # include <string.h>
| #endif
| #ifdef HAVE_STRINGS_H
| # include <strings.h>
| #endif
| #ifdef HAVE_INTTYPES_H
| # include <inttypes.h>
| #endif
| #ifdef HAVE_STDINT_H
| # include <stdint.h>
| #endif
| #ifdef HAVE_UNISTD_H
| # include <unistd.h>
| #endif
| int
| main ()
| {
| if (sizeof ((uint16_t)))
|         return 0;
|   ;
|   return 0;
| }
configure:15948: result: yes
configure:15955: checking for u_int16_t
configure:15955: /home/alxmopo3ov/.ya/tools/48150207/bin/clang++ -c -std=c++11  conftest.cpp >&5
configure:15955: $? = 0
configure:15955: /home/alxmopo3ov/.ya/tools/48150207/bin/clang++ -c -std=c++11  conftest.cpp >&5
conftest.cpp:70:24: error: expected expression
if (sizeof ((u_int16_t)))
                       ^
1 error generated.
configure:15955: $? = 1
configure: failed program was:
| /* confdefs.h */
| #define PACKAGE_NAME "glog"
| #define PACKAGE_TARNAME "glog"
| #define PACKAGE_VERSION "0.3.4"
| #define PACKAGE_STRING "glog 0.3.4"
| #define PACKAGE_BUGREPORT "opensource@google.com"
| #define PACKAGE_URL ""
| #define PACKAGE "glog"
| #define VERSION "0.3.4"
| #define HAVE_SYS_TYPES_H 1
| #define HAVE_SYS_STAT_H 1
| #define HAVE_STDLIB_H 1
| #define HAVE_STRING_H 1
| #define HAVE_MEMORY_H 1
| #define HAVE_STRINGS_H 1
| #define HAVE_INTTYPES_H 1
| #define HAVE_STDINT_H 1
| #define HAVE_UNISTD_H 1
| #define HAVE_DLFCN_H 1
| #define LT_OBJDIR ".libs/"
| #define HAVE_UNISTD_H 1
| #define HAVE_SYSCALL_H 1
| #define HAVE_SYS_SYSCALL_H 1
| #define HAVE_EXECINFO_H 1
| #define HAVE_UCONTEXT_H 1
| #define HAVE_SYS_UTSNAME_H 1
| #define HAVE_PWD_H 1
| #define HAVE_SYSLOG_H 1
| #define HAVE_SYS_TIME_H 1
| #define HAVE_GLOB_H 1
| #define HAVE_UNWIND_H 1
| #define SIZEOF_VOID_P 8
| /* end confdefs.h.  */
| #include <stdio.h>
| #ifdef HAVE_SYS_TYPES_H
| # include <sys/types.h>
| #endif
| #ifdef HAVE_SYS_STAT_H
| # include <sys/stat.h>
| #endif
| #ifdef STDC_HEADERS
| # include <stdlib.h>
| # include <stddef.h>
| #else
| # ifdef HAVE_STDLIB_H
| #  include <stdlib.h>
| # endif
| #endif
| #ifdef HAVE_STRING_H
| # if !defined STDC_HEADERS && defined HAVE_MEMORY_H
| #  include <memory.h>
| # endif
| # include <string.h>
| #endif
| #ifdef HAVE_STRINGS_H
| # include <strings.h>
| #endif
| #ifdef HAVE_INTTYPES_H
| # include <inttypes.h>
| #endif
| #ifdef HAVE_STDINT_H
| # include <stdint.h>
| #endif
| #ifdef HAVE_UNISTD_H
| # include <unistd.h>
| #endif
| int
| main ()
| {
| if (sizeof ((u_int16_t)))
|         return 0;
|   ;
|   return 0;
| }
configure:15955: result: yes
configure:15962: checking for __uint16
configure:15962: /home/alxmopo3ov/.ya/tools/48150207/bin/clang++ -c -std=c++11  conftest.cpp >&5
conftest.cpp:70:13: error: unknown type name '__uint16'; did you mean '__uint16_t'?
if (sizeof (__uint16))
            ^~~~~~~~
            __uint16_t
/usr/include/x86_64-linux-gnu/bits/types.h:40:28: note: '__uint16_t' declared here
typedef unsigned short int __uint16_t;
                           ^
1 error generated.
configure:15962: $? = 1
configure: failed program was:
| /* confdefs.h */
| #define PACKAGE_NAME "glog"
| #define PACKAGE_TARNAME "glog"
| #define PACKAGE_VERSION "0.3.4"
| #define PACKAGE_STRING "glog 0.3.4"
| #define PACKAGE_BUGREPORT "opensource@google.com"
| #define PACKAGE_URL ""
| #define PACKAGE "glog"
| #define VERSION "0.3.4"
| #define HAVE_SYS_TYPES_H 1
| #define HAVE_SYS_STAT_H 1
| #define HAVE_STDLIB_H 1
| #define HAVE_STRING_H 1
| #define HAVE_MEMORY_H 1
| #define HAVE_STRINGS_H 1
| #define HAVE_INTTYPES_H 1
| #define HAVE_STDINT_H 1
| #define HAVE_UNISTD_H 1
| #define HAVE_DLFCN_H 1
| #define LT_OBJDIR ".libs/"
| #define HAVE_UNISTD_H 1
| #define HAVE_SYSCALL_H 1
| #define HAVE_SYS_SYSCALL_H 1
| #define HAVE_EXECINFO_H 1
| #define HAVE_UCONTEXT_H 1
| #define HAVE_SYS_UTSNAME_H 1
| #define HAVE_PWD_H 1
| #define HAVE_SYSLOG_H 1
| #define HAVE_SYS_TIME_H 1
| #define HAVE_GLOB_H 1
| #define HAVE_UNWIND_H 1
| #define SIZEOF_VOID_P 8
| /* end confdefs.h.  */
| #include <stdio.h>
| #ifdef HAVE_SYS_TYPES_H
| # include <sys/types.h>
| #endif
| #ifdef HAVE_SYS_STAT_H
| # include <sys/stat.h>
| #endif
| #ifdef STDC_HEADERS
| # include <stdlib.h>
| # include <stddef.h>
| #else
| # ifdef HAVE_STDLIB_H
| #  include <stdlib.h>
| # endif
| #endif
| #ifdef HAVE_STRING_H
| # if !defined STDC_HEADERS && defined HAVE_MEMORY_H
| #  include <memory.h>
| # endif
| # include <string.h>
| #endif
| #ifdef HAVE_STRINGS_H
| # include <strings.h>
| #endif
| #ifdef HAVE_INTTYPES_H
| # include <inttypes.h>
| #endif
| #ifdef HAVE_STDINT_H
| # include <stdint.h>
| #endif
| #ifdef HAVE_UNISTD_H
| # include <unistd.h>
| #endif
| int
| main ()
| {
| if (sizeof (__uint16))
|      return 0;
|   ;
|   return 0;
| }
configure:15962: result: no
configure:15970: checking for sigaltstack
configure:15970: /home/alxmopo3ov/.ya/tools/48150207/bin/clang++ -o conftest -std=c++11  -L/mnt/raid/home/alxmopo3ov/.ya/tools/48150207/lib conftest.cpp  >&5
configure:15970: $? = 0
configure:15970: result: yes
configure:15977: checking for sigaction
configure:15977: /home/alxmopo3ov/.ya/tools/48150207/bin/clang++ -o conftest -std=c++11  -L/mnt/raid/home/alxmopo3ov/.ya/tools/48150207/lib conftest.cpp  >&5
configure:15977: $? = 0
configure:15977: result: yes
configure:15984: checking for dladdr
configure:15984: /home/alxmopo3ov/.ya/tools/48150207/bin/clang++ -o conftest -std=c++11  -L/mnt/raid/home/alxmopo3ov/.ya/tools/48150207/lib conftest.cpp  >&5
/tmp/conftest-7d8631.o:conftest.cpp:function main: error: undefined reference to 'dladdr'
clang-3.7: error: linker command failed with exit code 1 (use -v to see invocation)
configure:15984: $? = 1
configure: failed program was:
| /* confdefs.h */
| #define PACKAGE_NAME "glog"
| #define PACKAGE_TARNAME "glog"
| #define PACKAGE_VERSION "0.3.4"
| #define PACKAGE_STRING "glog 0.3.4"
| #define PACKAGE_BUGREPORT "opensource@google.com"
| #define PACKAGE_URL ""
| #define PACKAGE "glog"
| #define VERSION "0.3.4"
| #define HAVE_SYS_TYPES_H 1
| #define HAVE_SYS_STAT_H 1
| #define HAVE_STDLIB_H 1
| #define HAVE_STRING_H 1
| #define HAVE_MEMORY_H 1
| #define HAVE_STRINGS_H 1
| #define HAVE_INTTYPES_H 1
| #define HAVE_STDINT_H 1
| #define HAVE_UNISTD_H 1
| #define HAVE_DLFCN_H 1
| #define LT_OBJDIR ".libs/"
| #define HAVE_UNISTD_H 1
| #define HAVE_SYSCALL_H 1
| #define HAVE_SYS_SYSCALL_H 1
| #define HAVE_EXECINFO_H 1
| #define HAVE_UCONTEXT_H 1
| #define HAVE_SYS_UTSNAME_H 1
| #define HAVE_PWD_H 1
| #define HAVE_SYSLOG_H 1
| #define HAVE_SYS_TIME_H 1
| #define HAVE_GLOB_H 1
| #define HAVE_UNWIND_H 1
| #define SIZEOF_VOID_P 8
| #define HAVE_SIGALTSTACK 1
| #define HAVE_SIGACTION 1
| /* end confdefs.h.  */
| /* Define dladdr to an innocuous variant, in case <limits.h> declares dladdr.
|    For example, HP-UX 11i <limits.h> declares gettimeofday.  */
| #define dladdr innocuous_dladdr
|
| /* System header to define __stub macros and hopefully few prototypes,
|     which can conflict with char dladdr (); below.
|     Prefer <limits.h> to <assert.h> if __STDC__ is defined, since
|     <limits.h> exists even on freestanding compilers.  */
|
| #ifdef __STDC__
| # include <limits.h>
| #else
| # include <assert.h>
| #endif
|
| #undef dladdr
|
| /* Override any GCC internal prototype to avoid an error.
|    Use char because int might match the return type of a GCC
|    builtin and then its argument prototype would still apply.  */
| #ifdef __cplusplus
| extern "C"
| #endif
| char dladdr ();
| /* The GNU C library defines this for functions which it implements
|     to always fail with ENOSYS.  Some functions are actually named
|     something starting with __ and the normal name is an alias.  */
| #if defined __stub_dladdr || defined __stub___dladdr
| choke me
| #endif
|
| int
| main ()
| {
| return dladdr ();
|   ;
|   return 0;
| }
configure:15984: result: no
configure:15991: checking for fcntl
configure:15991: /home/alxmopo3ov/.ya/tools/48150207/bin/clang++ -o conftest -std=c++11  -L/mnt/raid/home/alxmopo3ov/.ya/tools/48150207/lib conftest.cpp  >&5
configure:15991: $? = 0
configure:15991: result: yes
configure:15998: checking for pread
configure:15998: /home/alxmopo3ov/.ya/tools/48150207/bin/clang++ -o conftest -std=c++11  -L/mnt/raid/home/alxmopo3ov/.ya/tools/48150207/lib conftest.cpp  >&5
configure:15998: $? = 0
configure:15998: result: yes
configure:16005: checking for pwrite
configure:16005: /home/alxmopo3ov/.ya/tools/48150207/bin/clang++ -o conftest -std=c++11  -L/mnt/raid/home/alxmopo3ov/.ya/tools/48150207/lib conftest.cpp  >&5
configure:16005: $? = 0
configure:16005: result: yes
configure:16014: checking for __attribute__
configure:16033: /home/alxmopo3ov/.ya/tools/48150207/bin/clang++ -c -std=c++11  conftest.cpp >&5
configure:16033: $? = 0
configure:16047: result: yes
configure:16062: checking for __builtin_expect
configure:16079: /home/alxmopo3ov/.ya/tools/48150207/bin/clang++ -c -std=c++11  conftest.cpp >&5
configure:16079: $? = 0
configure:16093: result: yes
configure:16103: checking for __sync_val_compare_and_swap
configure:16120: /home/alxmopo3ov/.ya/tools/48150207/bin/clang++ -o conftest -std=c++11  -L/mnt/raid/home/alxmopo3ov/.ya/tools/48150207/lib conftest.cpp  >&5
configure:16120: $? = 0
configure:16135: result: yes
configure:16159: /home/alxmopo3ov/.ya/tools/48150207/bin/clang++ -c -std=c++11  conftest.cpp >&5
configure:16159: $? = 0
configure:16367: checking for the pthreads library -lpthreads
configure:16400: /home/alxmopo3ov/.ya/tools/48150207/bin/clang -o conftest -g -O2   -L/mnt/raid/home/alxmopo3ov/.ya/tools/48150207/lib conftest.c -lpthreads  >&5
conftest.c:47:41: warning: null passed to a callee that requires a non-null argument [-Wnonnull]
                     pthread_attr_init(0); pthread_cleanup_push(0, 0);
                                       ~^
conftest.c:48:44: warning: null passed to a callee that requires a non-null argument [-Wnonnull]
                     pthread_create(0,0,0,0); pthread_cleanup_pop(0);
                                    ~      ^
conftest.c:48:44: warning: null passed to a callee that requires a non-null argument [-Wnonnull]
                     pthread_create(0,0,0,0); pthread_cleanup_pop(0);
                                        ~  ^
3 warnings generated.
/home/alxmopo3ov/.ya/tools/48150207/bin/ld: error: cannot find -lpthreads
conftest.c:46: error: undefined reference to 'pthread_join'
conftest.c:47: error: undefined reference to '__pthread_register_cancel'
conftest.c:48: error: undefined reference to 'pthread_create'
conftest.c:48: error: undefined reference to '__pthread_unregister_cancel'
clang-3.7: error: linker command failed with exit code 1 (use -v to see invocation)
configure:16400: $? = 1
configure: failed program was:
| /* confdefs.h */
| #define PACKAGE_NAME "glog"
| #define PACKAGE_TARNAME "glog"
| #define PACKAGE_VERSION "0.3.4"
| #define PACKAGE_STRING "glog 0.3.4"
| #define PACKAGE_BUGREPORT "opensource@google.com"
| #define PACKAGE_URL ""
| #define PACKAGE "glog"
| #define VERSION "0.3.4"
| #define HAVE_SYS_TYPES_H 1
| #define HAVE_SYS_STAT_H 1
| #define HAVE_STDLIB_H 1
| #define HAVE_STRING_H 1
| #define HAVE_MEMORY_H 1
| #define HAVE_STRINGS_H 1
| #define HAVE_INTTYPES_H 1
| #define HAVE_STDINT_H 1
| #define HAVE_UNISTD_H 1
| #define HAVE_DLFCN_H 1
| #define LT_OBJDIR ".libs/"
| #define HAVE_UNISTD_H 1
| #define HAVE_SYSCALL_H 1
| #define HAVE_SYS_SYSCALL_H 1
| #define HAVE_EXECINFO_H 1
| #define HAVE_UCONTEXT_H 1
| #define HAVE_SYS_UTSNAME_H 1
| #define HAVE_PWD_H 1
| #define HAVE_SYSLOG_H 1
| #define HAVE_SYS_TIME_H 1
| #define HAVE_GLOB_H 1
| #define HAVE_UNWIND_H 1
| #define SIZEOF_VOID_P 8
| #define HAVE_SIGALTSTACK 1
| #define HAVE_SIGACTION 1
| #define HAVE_FCNTL 1
| #define HAVE_PREAD 1
| #define HAVE_PWRITE 1
| #define HAVE___ATTRIBUTE__ 1
| #define HAVE___BUILTIN_EXPECT 1
| #define HAVE___SYNC_VAL_COMPARE_AND_SWAP 1
| /* end confdefs.h.  */
| #include <pthread.h>
| int
| main ()
| {
| pthread_t th; pthread_join(th, 0);
|                      pthread_attr_init(0); pthread_cleanup_push(0, 0);
|                      pthread_create(0,0,0,0); pthread_cleanup_pop(0);
|   ;
|   return 0;
| }
configure:16409: result: no
configure:16312: checking whether pthreads work without any flags
configure:16400: /home/alxmopo3ov/.ya/tools/48150207/bin/clang -o conftest -g -O2   -L/mnt/raid/home/alxmopo3ov/.ya/tools/48150207/lib conftest.c   >&5
conftest.c:47:41: warning: null passed to a callee that requires a non-null argument [-Wnonnull]
                     pthread_attr_init(0); pthread_cleanup_push(0, 0);
                                       ~^
conftest.c:48:44: warning: null passed to a callee that requires a non-null argument [-Wnonnull]
                     pthread_create(0,0,0,0); pthread_cleanup_pop(0);
                                    ~      ^
conftest.c:48:44: warning: null passed to a callee that requires a non-null argument [-Wnonnull]
                     pthread_create(0,0,0,0); pthread_cleanup_pop(0);
                                        ~  ^
3 warnings generated.
conftest.c:46: error: undefined reference to 'pthread_join'
conftest.c:47: error: undefined reference to '__pthread_register_cancel'
conftest.c:48: error: undefined reference to 'pthread_create'
conftest.c:48: error: undefined reference to '__pthread_unregister_cancel'
clang-3.7: error: linker command failed with exit code 1 (use -v to see invocation)
configure:16400: $? = 1
configure: failed program was:
| /* confdefs.h */
| #define PACKAGE_NAME "glog"
| #define PACKAGE_TARNAME "glog"
| #define PACKAGE_VERSION "0.3.4"
| #define PACKAGE_STRING "glog 0.3.4"
| #define PACKAGE_BUGREPORT "opensource@google.com"
| #define PACKAGE_URL ""
| #define PACKAGE "glog"
| #define VERSION "0.3.4"
| #define HAVE_SYS_TYPES_H 1
| #define HAVE_SYS_STAT_H 1
| #define HAVE_STDLIB_H 1
| #define HAVE_STRING_H 1
| #define HAVE_MEMORY_H 1
| #define HAVE_STRINGS_H 1
| #define HAVE_INTTYPES_H 1
| #define HAVE_STDINT_H 1
| #define HAVE_UNISTD_H 1
| #define HAVE_DLFCN_H 1
| #define LT_OBJDIR ".libs/"
| #define HAVE_UNISTD_H 1
| #define HAVE_SYSCALL_H 1
| #define HAVE_SYS_SYSCALL_H 1
| #define HAVE_EXECINFO_H 1
| #define HAVE_UCONTEXT_H 1
| #define HAVE_SYS_UTSNAME_H 1
| #define HAVE_PWD_H 1
| #define HAVE_SYSLOG_H 1
| #define HAVE_SYS_TIME_H 1
| #define HAVE_GLOB_H 1
| #define HAVE_UNWIND_H 1
| #define SIZEOF_VOID_P 8
| #define HAVE_SIGALTSTACK 1
| #define HAVE_SIGACTION 1
| #define HAVE_FCNTL 1
| #define HAVE_PREAD 1
| #define HAVE_PWRITE 1
| #define HAVE___ATTRIBUTE__ 1
| #define HAVE___BUILTIN_EXPECT 1
| #define HAVE___SYNC_VAL_COMPARE_AND_SWAP 1
| /* end confdefs.h.  */
| #include <pthread.h>
| int
| main ()
| {
| pthread_t th; pthread_join(th, 0);
|                      pthread_attr_init(0); pthread_cleanup_push(0, 0);
|                      pthread_create(0,0,0,0); pthread_cleanup_pop(0);
|   ;
|   return 0;
| }
configure:16409: result: no
configure:16317: checking whether pthreads work with -Kthread
configure:16400: /home/alxmopo3ov/.ya/tools/48150207/bin/clang -o conftest -g -O2 -Kthread  -L/mnt/raid/home/alxmopo3ov/.ya/tools/48150207/lib conftest.c   >&5
clang-3.7: error: unknown argument: '-Kthread'
configure:16400: $? = 1
configure: failed program was:
| /* confdefs.h */
| #define PACKAGE_NAME "glog"
| #define PACKAGE_TARNAME "glog"
| #define PACKAGE_VERSION "0.3.4"
| #define PACKAGE_STRING "glog 0.3.4"
| #define PACKAGE_BUGREPORT "opensource@google.com"
| #define PACKAGE_URL ""
| #define PACKAGE "glog"
| #define VERSION "0.3.4"
| #define HAVE_SYS_TYPES_H 1
| #define HAVE_SYS_STAT_H 1
| #define HAVE_STDLIB_H 1
| #define HAVE_STRING_H 1
| #define HAVE_MEMORY_H 1
| #define HAVE_STRINGS_H 1
| #define HAVE_INTTYPES_H 1
| #define HAVE_STDINT_H 1
| #define HAVE_UNISTD_H 1
| #define HAVE_DLFCN_H 1
| #define LT_OBJDIR ".libs/"
| #define HAVE_UNISTD_H 1
| #define HAVE_SYSCALL_H 1
| #define HAVE_SYS_SYSCALL_H 1
| #define HAVE_EXECINFO_H 1
| #define HAVE_UCONTEXT_H 1
| #define HAVE_SYS_UTSNAME_H 1
| #define HAVE_PWD_H 1
| #define HAVE_SYSLOG_H 1
| #define HAVE_SYS_TIME_H 1
| #define HAVE_GLOB_H 1
| #define HAVE_UNWIND_H 1
| #define SIZEOF_VOID_P 8
| #define HAVE_SIGALTSTACK 1
| #define HAVE_SIGACTION 1
| #define HAVE_FCNTL 1
| #define HAVE_PREAD 1
| #define HAVE_PWRITE 1
| #define HAVE___ATTRIBUTE__ 1
| #define HAVE___BUILTIN_EXPECT 1
| #define HAVE___SYNC_VAL_COMPARE_AND_SWAP 1
| /* end confdefs.h.  */
| #include <pthread.h>
| int
| main ()
| {
| pthread_t th; pthread_join(th, 0);
|                      pthread_attr_init(0); pthread_cleanup_push(0, 0);
|                      pthread_create(0,0,0,0); pthread_cleanup_pop(0);
|   ;
|   return 0;
| }
configure:16409: result: no
configure:16317: checking whether pthreads work with -kthread
configure:16400: /home/alxmopo3ov/.ya/tools/48150207/bin/clang -o conftest -g -O2 -kthread  -L/mnt/raid/home/alxmopo3ov/.ya/tools/48150207/lib conftest.c   >&5
clang-3.7: error: unknown argument: '-kthread'
configure:16400: $? = 1
configure: failed program was:
| /* confdefs.h */
| #define PACKAGE_NAME "glog"
| #define PACKAGE_TARNAME "glog"
| #define PACKAGE_VERSION "0.3.4"
| #define PACKAGE_STRING "glog 0.3.4"
| #define PACKAGE_BUGREPORT "opensource@google.com"
| #define PACKAGE_URL ""
| #define PACKAGE "glog"
| #define VERSION "0.3.4"
| #define HAVE_SYS_TYPES_H 1
| #define HAVE_SYS_STAT_H 1
| #define HAVE_STDLIB_H 1
| #define HAVE_STRING_H 1
| #define HAVE_MEMORY_H 1
| #define HAVE_STRINGS_H 1
| #define HAVE_INTTYPES_H 1
| #define HAVE_STDINT_H 1
| #define HAVE_UNISTD_H 1
| #define HAVE_DLFCN_H 1
| #define LT_OBJDIR ".libs/"
| #define HAVE_UNISTD_H 1
| #define HAVE_SYSCALL_H 1
| #define HAVE_SYS_SYSCALL_H 1
| #define HAVE_EXECINFO_H 1
| #define HAVE_UCONTEXT_H 1
| #define HAVE_SYS_UTSNAME_H 1
| #define HAVE_PWD_H 1
| #define HAVE_SYSLOG_H 1
| #define HAVE_SYS_TIME_H 1
| #define HAVE_GLOB_H 1
| #define HAVE_UNWIND_H 1
| #define SIZEOF_VOID_P 8
| #define HAVE_SIGALTSTACK 1
| #define HAVE_SIGACTION 1
| #define HAVE_FCNTL 1
| #define HAVE_PREAD 1
| #define HAVE_PWRITE 1
| #define HAVE___ATTRIBUTE__ 1
| #define HAVE___BUILTIN_EXPECT 1
| #define HAVE___SYNC_VAL_COMPARE_AND_SWAP 1
| /* end confdefs.h.  */
| #include <pthread.h>
| int
| main ()
| {
| pthread_t th; pthread_join(th, 0);
|                      pthread_attr_init(0); pthread_cleanup_push(0, 0);
|                      pthread_create(0,0,0,0); pthread_cleanup_pop(0);
|   ;
|   return 0;
| }
configure:16409: result: no
configure:16367: checking for the pthreads library -llthread
configure:16400: /home/alxmopo3ov/.ya/tools/48150207/bin/clang -o conftest -g -O2   -L/mnt/raid/home/alxmopo3ov/.ya/tools/48150207/lib conftest.c -llthread  >&5
conftest.c:47:41: warning: null passed to a callee that requires a non-null argument [-Wnonnull]
                     pthread_attr_init(0); pthread_cleanup_push(0, 0);
                                       ~^
conftest.c:48:44: warning: null passed to a callee that requires a non-null argument [-Wnonnull]
                     pthread_create(0,0,0,0); pthread_cleanup_pop(0);
                                    ~      ^
conftest.c:48:44: warning: null passed to a callee that requires a non-null argument [-Wnonnull]
                     pthread_create(0,0,0,0); pthread_cleanup_pop(0);
                                        ~  ^
3 warnings generated.
/home/alxmopo3ov/.ya/tools/48150207/bin/ld: error: cannot find -llthread
conftest.c:46: error: undefined reference to 'pthread_join'
conftest.c:47: error: undefined reference to '__pthread_register_cancel'
conftest.c:48: error: undefined reference to 'pthread_create'
conftest.c:48: error: undefined reference to '__pthread_unregister_cancel'
clang-3.7: error: linker command failed with exit code 1 (use -v to see invocation)
configure:16400: $? = 1
configure: failed program was:
| /* confdefs.h */
| #define PACKAGE_NAME "glog"
| #define PACKAGE_TARNAME "glog"
| #define PACKAGE_VERSION "0.3.4"
| #define PACKAGE_STRING "glog 0.3.4"
| #define PACKAGE_BUGREPORT "opensource@google.com"
| #define PACKAGE_URL ""
| #define PACKAGE "glog"
| #define VERSION "0.3.4"
| #define HAVE_SYS_TYPES_H 1
| #define HAVE_SYS_STAT_H 1
| #define HAVE_STDLIB_H 1
| #define HAVE_STRING_H 1
| #define HAVE_MEMORY_H 1
| #define HAVE_STRINGS_H 1
| #define HAVE_INTTYPES_H 1
| #define HAVE_STDINT_H 1
| #define HAVE_UNISTD_H 1
| #define HAVE_DLFCN_H 1
| #define LT_OBJDIR ".libs/"
| #define HAVE_UNISTD_H 1
| #define HAVE_SYSCALL_H 1
| #define HAVE_SYS_SYSCALL_H 1
| #define HAVE_EXECINFO_H 1
| #define HAVE_UCONTEXT_H 1
| #define HAVE_SYS_UTSNAME_H 1
| #define HAVE_PWD_H 1
| #define HAVE_SYSLOG_H 1
| #define HAVE_SYS_TIME_H 1
| #define HAVE_GLOB_H 1
| #define HAVE_UNWIND_H 1
| #define SIZEOF_VOID_P 8
| #define HAVE_SIGALTSTACK 1
| #define HAVE_SIGACTION 1
| #define HAVE_FCNTL 1
| #define HAVE_PREAD 1
| #define HAVE_PWRITE 1
| #define HAVE___ATTRIBUTE__ 1
| #define HAVE___BUILTIN_EXPECT 1
| #define HAVE___SYNC_VAL_COMPARE_AND_SWAP 1
| /* end confdefs.h.  */
| #include <pthread.h>
| int
| main ()
| {
| pthread_t th; pthread_join(th, 0);
|                      pthread_attr_init(0); pthread_cleanup_push(0, 0);
|                      pthread_create(0,0,0,0); pthread_cleanup_pop(0);
|   ;
|   return 0;
| }
configure:16409: result: no
configure:16317: checking whether pthreads work with -pthread
configure:16400: /home/alxmopo3ov/.ya/tools/48150207/bin/clang -o conftest -g -O2 -pthread  -L/mnt/raid/home/alxmopo3ov/.ya/tools/48150207/lib conftest.c   >&5
conftest.c:47:41: warning: null passed to a callee that requires a non-null argument [-Wnonnull]
                     pthread_attr_init(0); pthread_cleanup_push(0, 0);
                                       ~^
conftest.c:48:44: warning: null passed to a callee that requires a non-null argument [-Wnonnull]
                     pthread_create(0,0,0,0); pthread_cleanup_pop(0);
                                    ~      ^
conftest.c:48:44: warning: null passed to a callee that requires a non-null argument [-Wnonnull]
                     pthread_create(0,0,0,0); pthread_cleanup_pop(0);
                                        ~  ^
3 warnings generated.
configure:16400: $? = 0
configure:16409: result: yes
configure:16428: checking for joinable pthread attribute
configure:16443: /home/alxmopo3ov/.ya/tools/48150207/bin/clang -o conftest -g -O2 -pthread  -L/mnt/raid/home/alxmopo3ov/.ya/tools/48150207/lib conftest.c   >&5
configure:16443: $? = 0
configure:16449: result: PTHREAD_CREATE_JOINABLE
configure:16459: checking if more special flags are required for pthreads
configure:16466: result: no
configure:16555: checking whether to check for GCC pthread/shared inconsistencies
configure:16568: /home/alxmopo3ov/.ya/tools/48150207/bin/clang -o conftest -shared -fPIC -Wl,-z,defs -g -O2 -pthread  -L/mnt/raid/home/alxmopo3ov/.ya/tools/48150207/lib conftest.c   >&5
configure:16568: $? = 0
configure:16580: result: yes
configure:16586: checking whether -pthread is sufficient with -shared
configure:16601: /home/alxmopo3ov/.ya/tools/48150207/bin/clang -o conftest -shared -fPIC -Wl,-z,defs -g -O2 -pthread  -L/mnt/raid/home/alxmopo3ov/.ya/tools/48150207/lib conftest.c   >&5
conftest.c:47:27: warning: null passed to a callee that requires a non-null argument [-Wnonnull]
              pthread_attr_init(0); pthread_cleanup_push(0, 0);
                                ~^
conftest.c:48:30: warning: null passed to a callee that requires a non-null argument [-Wnonnull]
              pthread_create(0,0,0,0); pthread_cleanup_pop(0);
                             ~      ^
conftest.c:48:30: warning: null passed to a callee that requires a non-null argument [-Wnonnull]
              pthread_create(0,0,0,0); pthread_cleanup_pop(0);
                                 ~  ^
3 warnings generated.
configure:16601: $? = 0
configure:16608: result: yes
configure:16727: checking for pthread_self in -lpthread
configure:16752: /home/alxmopo3ov/.ya/tools/48150207/bin/clang++ -o conftest -std=c++11  -L/mnt/raid/home/alxmopo3ov/.ya/tools/48150207/lib conftest.cpp -lpthread   >&5
configure:16752: $? = 0
configure:16761: result: yes
configure:16787: checking for main in -lgflags
configure:16806: /home/alxmopo3ov/.ya/tools/48150207/bin/clang++ -o conftest -std=c++11  -L/mnt/raid/home/alxmopo3ov/.ya/tools/48150207/lib conftest.cpp -lgflags  -lpthread  >&5
configure:16806: $? = 0
configure:16815: result: yes
configure:16842: checking for gtest-config
configure:16872: result: no
configure:16877: checking for main in -lgtest
configure:16896: /home/alxmopo3ov/.ya/tools/48150207/bin/clang++ -o conftest -std=c++11  -L/mnt/raid/home/alxmopo3ov/.ya/tools/48150207/lib conftest.cpp -lgtest  -lpthread  >&5
/home/alxmopo3ov/.ya/tools/48150207/bin/ld: error: cannot find -lgtest
clang-3.7: error: linker command failed with exit code 1 (use -v to see invocation)
configure:16896: $? = 1
configure: failed program was:
| /* confdefs.h */
| #define PACKAGE_NAME "glog"
| #define PACKAGE_TARNAME "glog"
| #define PACKAGE_VERSION "0.3.4"
| #define PACKAGE_STRING "glog 0.3.4"
| #define PACKAGE_BUGREPORT "opensource@google.com"
| #define PACKAGE_URL ""
| #define PACKAGE "glog"
| #define VERSION "0.3.4"
| #define HAVE_SYS_TYPES_H 1
| #define HAVE_SYS_STAT_H 1
| #define HAVE_STDLIB_H 1
| #define HAVE_STRING_H 1
| #define HAVE_MEMORY_H 1
| #define HAVE_STRINGS_H 1
| #define HAVE_INTTYPES_H 1
| #define HAVE_STDINT_H 1
| #define HAVE_UNISTD_H 1
| #define HAVE_DLFCN_H 1
| #define LT_OBJDIR ".libs/"
| #define HAVE_UNISTD_H 1
| #define HAVE_SYSCALL_H 1
| #define HAVE_SYS_SYSCALL_H 1
| #define HAVE_EXECINFO_H 1
| #define HAVE_UCONTEXT_H 1
| #define HAVE_SYS_UTSNAME_H 1
| #define HAVE_PWD_H 1
| #define HAVE_SYSLOG_H 1
| #define HAVE_SYS_TIME_H 1
| #define HAVE_GLOB_H 1
| #define HAVE_UNWIND_H 1
| #define SIZEOF_VOID_P 8
| #define HAVE_SIGALTSTACK 1
| #define HAVE_SIGACTION 1
| #define HAVE_FCNTL 1
| #define HAVE_PREAD 1
| #define HAVE_PWRITE 1
| #define HAVE___ATTRIBUTE__ 1
| #define HAVE___BUILTIN_EXPECT 1
| #define HAVE___SYNC_VAL_COMPARE_AND_SWAP 1
| #define HAVE_PTHREAD 1
| #define HAVE_LIBPTHREAD 1
| #define HAVE_LIB_GFLAGS 1
| /* end confdefs.h.  */
|
|
| int
| main ()
| {
| return main ();
|   ;
|   return 0;
| }
configure:16905: result: no
configure:17038: checking support for pthread_rwlock_* functions
configure:17064: /home/alxmopo3ov/.ya/tools/48150207/bin/clang -c -g -O2  conftest.c >&5
configure:17064: $? = 0
configure:17078: result: yes
configure:17089: checking whether the compiler implements namespaces
configure:17113: /home/alxmopo3ov/.ya/tools/48150207/bin/clang++ -c -std=c++11  conftest.cpp >&5
configure:17113: $? = 0
configure:17126: result: yes
configure:17133: checking what namespace STL code is in
configure:17157: /home/alxmopo3ov/.ya/tools/48150207/bin/clang++ -c -std=c++11  conftest.cpp >&5
conftest.cpp:51:1: error: no template named 'vector'; did you mean 'std::vector'?
vector<int> t; return 0;
^~~~~~
std::vector
/home/alxmopo3ov/.ya/tools/48150207/bin/../lib64/gcc/x86_64-unknown-linux-gnu/4.9.2/../../../../include/c++/4.9.2/bits/stl_vector.h:214:11: note: 'std::vector' declared here
    class vector : protected _Vector_base<_Tp, _Alloc>
          ^
1 error generated.
configure:17157: $? = 1
configure: failed program was:
| /* confdefs.h */
| #define PACKAGE_NAME "glog"
| #define PACKAGE_TARNAME "glog"
| #define PACKAGE_VERSION "0.3.4"
| #define PACKAGE_STRING "glog 0.3.4"
| #define PACKAGE_BUGREPORT "opensource@google.com"
| #define PACKAGE_URL ""
| #define PACKAGE "glog"
| #define VERSION "0.3.4"
| #define HAVE_SYS_TYPES_H 1
| #define HAVE_SYS_STAT_H 1
| #define HAVE_STDLIB_H 1
| #define HAVE_STRING_H 1
| #define HAVE_MEMORY_H 1
| #define HAVE_STRINGS_H 1
| #define HAVE_INTTYPES_H 1
| #define HAVE_STDINT_H 1
| #define HAVE_UNISTD_H 1
| #define HAVE_DLFCN_H 1
| #define LT_OBJDIR ".libs/"
| #define HAVE_UNISTD_H 1
| #define HAVE_SYSCALL_H 1
| #define HAVE_SYS_SYSCALL_H 1
| #define HAVE_EXECINFO_H 1
| #define HAVE_UCONTEXT_H 1
| #define HAVE_SYS_UTSNAME_H 1
| #define HAVE_PWD_H 1
| #define HAVE_SYSLOG_H 1
| #define HAVE_SYS_TIME_H 1
| #define HAVE_GLOB_H 1
| #define HAVE_UNWIND_H 1
| #define SIZEOF_VOID_P 8
| #define HAVE_SIGALTSTACK 1
| #define HAVE_SIGACTION 1
| #define HAVE_FCNTL 1
| #define HAVE_PREAD 1
| #define HAVE_PWRITE 1
| #define HAVE___ATTRIBUTE__ 1
| #define HAVE___BUILTIN_EXPECT 1
| #define HAVE___SYNC_VAL_COMPARE_AND_SWAP 1
| #define HAVE_PTHREAD 1
| #define HAVE_LIBPTHREAD 1
| #define HAVE_LIB_GFLAGS 1
| #define HAVE_RWLOCK 1
| #define HAVE_NAMESPACES 1
| /* end confdefs.h.  */
| #include <vector>
| int
| main ()
| {
| vector<int> t; return 0;
|   ;
|   return 0;
| }
configure:17172: /home/alxmopo3ov/.ya/tools/48150207/bin/clang++ -c -std=c++11  conftest.cpp >&5
configure:17172: $? = 0
configure:17183: result: std
configure:17234: checking whether compiler supports using ::operator<<
configure:17258: /home/alxmopo3ov/.ya/tools/48150207/bin/clang++ -c -std=c++11  conftest.cpp >&5
configure:17258: $? = 0
configure:17271: result: 1
configure:17281: checking for ucontext.h
configure:17281: result: yes
configure:17293: checking sys/ucontext.h usability
configure:17293: /home/alxmopo3ov/.ya/tools/48150207/bin/clang++ -c -std=c++11  conftest.cpp >&5
configure:17293: $? = 0
configure:17293: result: yes
configure:17293: checking sys/ucontext.h presence
configure:17293: /home/alxmopo3ov/.ya/tools/48150207/bin/clang++ -E  conftest.cpp
configure:17293: $? = 0
configure:17293: result: yes
configure:17293: checking for sys/ucontext.h
configure:17293: result: yes
configure:17303: checking how to access the program counter from a struct ucontext
configure:17338: /home/alxmopo3ov/.ya/tools/48150207/bin/clang++ -c -std=c++11  conftest.cpp >&5
conftest.cpp:59:42: error: use of undeclared identifier 'REG_PC'
ucontext_t u; return u.uc_mcontext.gregs[REG_PC] == 0;
                                         ^
1 error generated.
configure:17338: $? = 1
configure: failed program was:
| /* confdefs.h */
| #define PACKAGE_NAME "glog"
| #define PACKAGE_TARNAME "glog"
| #define PACKAGE_VERSION "0.3.4"
| #define PACKAGE_STRING "glog 0.3.4"
| #define PACKAGE_BUGREPORT "opensource@google.com"
| #define PACKAGE_URL ""
| #define PACKAGE "glog"
| #define VERSION "0.3.4"
| #define HAVE_SYS_TYPES_H 1
| #define HAVE_SYS_STAT_H 1
| #define HAVE_STDLIB_H 1
| #define HAVE_STRING_H 1
| #define HAVE_MEMORY_H 1
| #define HAVE_STRINGS_H 1
| #define HAVE_INTTYPES_H 1
| #define HAVE_STDINT_H 1
| #define HAVE_UNISTD_H 1
| #define HAVE_DLFCN_H 1
| #define LT_OBJDIR ".libs/"
| #define HAVE_UNISTD_H 1
| #define HAVE_SYSCALL_H 1
| #define HAVE_SYS_SYSCALL_H 1
| #define HAVE_EXECINFO_H 1
| #define HAVE_UCONTEXT_H 1
| #define HAVE_SYS_UTSNAME_H 1
| #define HAVE_PWD_H 1
| #define HAVE_SYSLOG_H 1
| #define HAVE_SYS_TIME_H 1
| #define HAVE_GLOB_H 1
| #define HAVE_UNWIND_H 1
| #define SIZEOF_VOID_P 8
| #define HAVE_SIGALTSTACK 1
| #define HAVE_SIGACTION 1
| #define HAVE_FCNTL 1
| #define HAVE_PREAD 1
| #define HAVE_PWRITE 1
| #define HAVE___ATTRIBUTE__ 1
| #define HAVE___BUILTIN_EXPECT 1
| #define HAVE___SYNC_VAL_COMPARE_AND_SWAP 1
| #define HAVE_PTHREAD 1
| #define HAVE_LIBPTHREAD 1
| #define HAVE_LIB_GFLAGS 1
| #define HAVE_RWLOCK 1
| #define HAVE_NAMESPACES 1
| #define STL_NAMESPACE std
| #define GOOGLE_NAMESPACE google
| #define _START_GOOGLE_NAMESPACE_ namespace google {
| #define _END_GOOGLE_NAMESPACE_ }
| #define HAVE_USING_OPERATOR 1
| #define HAVE_UCONTEXT_H 1
| #define HAVE_SYS_UCONTEXT_H 1
| /* end confdefs.h.  */
| #define _GNU_SOURCE 1
|                          #include <sys/ucontext.h>
| int
| main ()
| {
| ucontext_t u; return u.uc_mcontext.gregs[REG_PC] == 0;
|   ;
|   return 0;
| }
configure:17338: /home/alxmopo3ov/.ya/tools/48150207/bin/clang++ -c -std=c++11  conftest.cpp >&5
conftest.cpp:59:42: error: use of undeclared identifier 'REG_EIP'; did you mean 'REG_RIP'?
ucontext_t u; return u.uc_mcontext.gregs[REG_EIP] == 0;
                                         ^~~~~~~
                                         REG_RIP
/usr/include/x86_64-linux-gnu/sys/ucontext.h:77:3: note: 'REG_RIP' declared here
  REG_RIP,
  ^
1 error generated.
configure:17338: $? = 1
configure: failed program was:
| /* confdefs.h */
| #define PACKAGE_NAME "glog"
| #define PACKAGE_TARNAME "glog"
| #define PACKAGE_VERSION "0.3.4"
| #define PACKAGE_STRING "glog 0.3.4"
| #define PACKAGE_BUGREPORT "opensource@google.com"
| #define PACKAGE_URL ""
| #define PACKAGE "glog"
| #define VERSION "0.3.4"
| #define HAVE_SYS_TYPES_H 1
| #define HAVE_SYS_STAT_H 1
| #define HAVE_STDLIB_H 1
| #define HAVE_STRING_H 1
| #define HAVE_MEMORY_H 1
| #define HAVE_STRINGS_H 1
| #define HAVE_INTTYPES_H 1
| #define HAVE_STDINT_H 1
| #define HAVE_UNISTD_H 1
| #define HAVE_DLFCN_H 1
| #define LT_OBJDIR ".libs/"
| #define HAVE_UNISTD_H 1
| #define HAVE_SYSCALL_H 1
| #define HAVE_SYS_SYSCALL_H 1
| #define HAVE_EXECINFO_H 1
| #define HAVE_UCONTEXT_H 1
| #define HAVE_SYS_UTSNAME_H 1
| #define HAVE_PWD_H 1
| #define HAVE_SYSLOG_H 1
| #define HAVE_SYS_TIME_H 1
| #define HAVE_GLOB_H 1
| #define HAVE_UNWIND_H 1
| #define SIZEOF_VOID_P 8
| #define HAVE_SIGALTSTACK 1
| #define HAVE_SIGACTION 1
| #define HAVE_FCNTL 1
| #define HAVE_PREAD 1
| #define HAVE_PWRITE 1
| #define HAVE___ATTRIBUTE__ 1
| #define HAVE___BUILTIN_EXPECT 1
| #define HAVE___SYNC_VAL_COMPARE_AND_SWAP 1
| #define HAVE_PTHREAD 1
| #define HAVE_LIBPTHREAD 1
| #define HAVE_LIB_GFLAGS 1
| #define HAVE_RWLOCK 1
| #define HAVE_NAMESPACES 1
| #define STL_NAMESPACE std
| #define GOOGLE_NAMESPACE google
| #define _START_GOOGLE_NAMESPACE_ namespace google {
| #define _END_GOOGLE_NAMESPACE_ }
| #define HAVE_USING_OPERATOR 1
| #define HAVE_UCONTEXT_H 1
| #define HAVE_SYS_UCONTEXT_H 1
| /* end confdefs.h.  */
| #define _GNU_SOURCE 1
|                          #include <sys/ucontext.h>
| int
| main ()
| {
| ucontext_t u; return u.uc_mcontext.gregs[REG_EIP] == 0;
|   ;
|   return 0;
| }
configure:17338: /home/alxmopo3ov/.ya/tools/48150207/bin/clang++ -c -std=c++11  conftest.cpp >&5
configure:17338: $? = 0
configure:17344: result: uc_mcontext.gregs[REG_RIP]
configure:17555: checking that generated files are newer than configure
configure:17561: result: done
configure:17608: creating ./config.status

## ---------------------- ##
## Running config.status. ##
## ---------------------- ##

This file was extended by glog config.status 0.3.4, which was
generated by GNU Autoconf 2.69.  Invocation command line was

  CONFIG_FILES    =
  CONFIG_HEADERS  =
  CONFIG_LINKS    =
  CONFIG_COMMANDS =
  $ ./config.status

on bsmr-dev01k.yabs.yandex.ru

config.status:1222: creating Makefile
config.status:1222: creating src/glog/logging.h
config.status:1222: creating src/glog/raw_logging.h
config.status:1222: creating src/glog/vlog_is_on.h
config.status:1222: creating src/glog/stl_logging.h
config.status:1222: creating libglog.pc
config.status:1222: creating src/config.h
config.status:1403: src/config.h is unchanged
config.status:1451: executing depfiles commands
config.status:1451: executing libtool commands
configure:20098: WARNING: unrecognized options: --without-libunwind

## ---------------- ##
## Cache variables. ##
## ---------------- ##

ac_cv___attribute__=yes
ac_cv___attribute___noinline='__attribute__ ((noinline))'
ac_cv___attribute___noreturn='__attribute__ ((noreturn))'
ac_cv___attribute___printf_4_5='__attribute__((__format__ (__printf__, 4, 5)))'
ac_cv___builtin_expect=yes
ac_cv___sync_val_compare_and_swap=yes
ac_cv_build=x86_64-unknown-linux-gnu
ac_cv_c_compiler_gnu=yes
ac_cv_cxx_compiler_gnu=yes
ac_cv_cxx_namespaces=yes
ac_cv_cxx_stl_namespace=std
ac_cv_cxx_using_operator=1
ac_cv_env_CCC_set=
ac_cv_env_CCC_value=
ac_cv_env_CC_set=set
ac_cv_env_CC_value=/home/alxmopo3ov/.ya/tools/48150207/bin/clang
ac_cv_env_CFLAGS_set=
ac_cv_env_CFLAGS_value=
ac_cv_env_CPPFLAGS_set=
ac_cv_env_CPPFLAGS_value=
ac_cv_env_CPP_set=
ac_cv_env_CPP_value=
ac_cv_env_CXXCPP_set=
ac_cv_env_CXXCPP_value=
ac_cv_env_CXXFLAGS_set=set
ac_cv_env_CXXFLAGS_value=-std=c++11
ac_cv_env_CXX_set=set
ac_cv_env_CXX_value=/home/alxmopo3ov/.ya/tools/48150207/bin/clang++
ac_cv_env_LDFLAGS_set=set
ac_cv_env_LDFLAGS_value=-L/mnt/raid/home/alxmopo3ov/.ya/tools/48150207/lib
ac_cv_env_LIBS_set=
ac_cv_env_LIBS_value=
ac_cv_env_build_alias_set=
ac_cv_env_build_alias_value=
ac_cv_env_host_alias_set=
ac_cv_env_host_alias_value=
ac_cv_env_target_alias_set=
ac_cv_env_target_alias_value=
ac_cv_func_dladdr=no
ac_cv_func_fcntl=yes
ac_cv_func_pread=yes
ac_cv_func_pwrite=yes
ac_cv_func_sigaction=yes
ac_cv_func_sigaltstack=yes
ac_cv_have___builtin_expect=1
ac_cv_have___uint16=0
ac_cv_have_inttypes_h=1
ac_cv_have_libgflags=1
ac_cv_have_libunwind_h=0
ac_cv_have_stdint_h=1
ac_cv_have_systypes_h=1
ac_cv_have_u_int16_t=1
ac_cv_have_uint16_t=1
ac_cv_have_unistd_h=1
ac_cv_have_windows_h=0
ac_cv_header_dlfcn_h=yes
ac_cv_header_execinfo_h=yes
ac_cv_header_glob_h=yes
ac_cv_header_inttypes_h=yes
ac_cv_header_libunwind_h=no
ac_cv_header_memory_h=yes
ac_cv_header_pwd_h=yes
ac_cv_header_stdc=no
ac_cv_header_stdint_h=yes
ac_cv_header_stdlib_h=yes
ac_cv_header_string_h=yes
ac_cv_header_strings_h=yes
ac_cv_header_sys_stat_h=yes
ac_cv_header_sys_syscall_h=yes
ac_cv_header_sys_time_h=yes
ac_cv_header_sys_types_h=yes
ac_cv_header_sys_ucontext_h=yes
ac_cv_header_sys_utsname_h=yes
ac_cv_header_syscall_h=yes
ac_cv_header_syslog_h=yes
ac_cv_header_ucontext_h=yes
ac_cv_header_unistd_h=yes
ac_cv_header_unwind_h=yes
ac_cv_header_windows_h=no
ac_cv_host=x86_64-unknown-linux-gnu
ac_cv_lib_gflags_main=yes
ac_cv_lib_gtest_main=no
ac_cv_lib_pthread_pthread_self=yes
ac_cv_objext=o
ac_cv_path_EGREP='/bin/grep -E'
ac_cv_path_FGREP='/bin/grep -F'
ac_cv_path_GREP=/bin/grep
ac_cv_path_SED=/bin/sed
ac_cv_path_install='/usr/bin/install -c'
ac_cv_path_mkdir=/bin/mkdir
ac_cv_prog_AWK=gawk
ac_cv_prog_CPP='/home/alxmopo3ov/.ya/tools/48150207/bin/clang -E'
ac_cv_prog_CXXCPP='/home/alxmopo3ov/.ya/tools/48150207/bin/clang++ -E'
ac_cv_prog_ac_ct_AR=ar
ac_cv_prog_ac_ct_CC=/home/alxmopo3ov/.ya/tools/48150207/bin/clang
ac_cv_prog_ac_ct_MANIFEST_TOOL=mt
ac_cv_prog_ac_ct_OBJDUMP=objdump
ac_cv_prog_ac_ct_RANLIB=ranlib
ac_cv_prog_ac_ct_STRIP=strip
ac_cv_prog_cc_c89=
ac_cv_prog_cc_g=yes
ac_cv_prog_cxx_g=yes
ac_cv_prog_make_make_set=yes
ac_cv_rwlock=yes
ac_cv_sizeof_void_p=8
ac_cv_type___uint16=no
ac_cv_type_u_int16_t=yes
ac_cv_type_uint16_t=yes
am_cv_CC_dependencies_compiler_type=gcc3
am_cv_CXX_dependencies_compiler_type=gcc3
am_cv_make_support_nested_variables=yes
am_cv_prog_cc_c_o=yes
lt_cv_ar_at_file=@
lt_cv_archive_cmds_need_lc=no
lt_cv_deplibs_check_method=pass_all
lt_cv_file_magic_cmd='$MAGIC_CMD'
lt_cv_file_magic_test_file=
lt_cv_ld_reload_flag=-r
lt_cv_nm_interface='BSD nm'
lt_cv_objdir=.libs
lt_cv_path_LD=/home/alxmopo3ov/.ya/tools/48150207/bin/ld
lt_cv_path_LDCXX='/home/alxmopo3ov/.ya/tools/48150207/bin/ld -m elf_x86_64'
lt_cv_path_NM='/usr/bin/nm -B'
lt_cv_path_mainfest_tool=no
lt_cv_prog_compiler_c_o=yes
lt_cv_prog_compiler_c_o_CXX=yes
lt_cv_prog_compiler_pic='-fPIC -DPIC'
lt_cv_prog_compiler_pic_CXX='-fPIC -DPIC'
lt_cv_prog_compiler_pic_works=yes
lt_cv_prog_compiler_pic_works_CXX=yes
lt_cv_prog_compiler_rtti_exceptions=yes
lt_cv_prog_compiler_static_works=yes
lt_cv_prog_compiler_static_works_CXX=yes
lt_cv_prog_gnu_ld=yes
lt_cv_prog_gnu_ldcxx=yes
lt_cv_sharedlib_from_linklib_cmd='printf %s\n'
lt_cv_shlibpath_overrides_runpath=yes
lt_cv_sys_global_symbol_pipe='sed -n -e '\''s/^.*[     ]\([ABCDGIRSTW][ABCDGIRSTW]*\)[     ][     ]*\([_A-Za-z][_A-Za-z0-9]*\)$/\1 \2 \2/p'\'' | sed '\''/ __gnu_lto/d'\'''
lt_cv_sys_global_symbol_to_c_name_address='sed -n -e '\''s/^: \([^ ]*\)[ ]*$/  {\"\1\", (void *) 0},/p'\'' -e '\''s/^[ABCDGIRSTW]* \([^ ]*\) \([^ ]*\)$/  {"\2", (void *) \&\2},/p'\'''
lt_cv_sys_global_symbol_to_c_name_address_lib_prefix='sed -n -e '\''s/^: \([^ ]*\)[ ]*$/  {\"\1\", (void *) 0},/p'\'' -e '\''s/^[ABCDGIRSTW]* \([^ ]*\) \(lib[^ ]*\)$/  {"\2", (void *) \&\2},/p'\'' -e '\''s/^[ABCDGIRSTW]* \([^ ]*\) \([^ ]*\)$/  {"lib\2", (void *) \&\2},/p'\'''
lt_cv_sys_global_symbol_to_cdecl='sed -n -e '\''s/^T .* \(.*\)$/extern int \1();/p'\'' -e '\''s/^[ABCDGIRSTW]* .* \(.*\)$/extern char \1;/p'\'''
lt_cv_sys_max_cmd_len=1572864
lt_cv_to_host_file_cmd=func_convert_file_noop
lt_cv_to_tool_file_cmd=func_convert_file_noop

## ----------------- ##
## Output variables. ##
## ----------------- ##

ACLOCAL='aclocal-1.14'
AMDEPBACKSLASH='\'
AMDEP_FALSE='#'
AMDEP_TRUE=''
AMTAR='$${TAR-tar}'
AM_BACKSLASH='\'
AM_DEFAULT_V='$(AM_DEFAULT_VERBOSITY)'
AM_DEFAULT_VERBOSITY='1'
AM_V='$(V)'
AR='ar'
AUTOCONF='autoconf'
AUTOHEADER='autoheader'
AUTOMAKE='automake-1.14'
AWK='gawk'
CC='/home/alxmopo3ov/.ya/tools/48150207/bin/clang'
CCDEPMODE='depmode=gcc3'
CFLAGS='-g -O2'
CPP='/home/alxmopo3ov/.ya/tools/48150207/bin/clang -E'
CPPFLAGS=''
CXX='/home/alxmopo3ov/.ya/tools/48150207/bin/clang++'
CXXCPP='/home/alxmopo3ov/.ya/tools/48150207/bin/clang++ -E'
CXXDEPMODE='depmode=gcc3'
CXXFLAGS='-std=c++11'
CYGPATH_W='echo'
DEFS='-DHAVE_CONFIG_H'
DEPDIR='.deps'
DISABLE_RTTI_FALSE=''
DISABLE_RTTI_TRUE='#'
DLLTOOL='false'
DSYMUTIL=''
DUMPBIN=''
ECHO_C=''
ECHO_N='-n'
ECHO_T=''
EGREP='/bin/grep -E'
ENABLE_FRAME_POINTERS_FALSE=''
ENABLE_FRAME_POINTERS_TRUE='#'
EXEEXT=''
FGREP='/bin/grep -F'
GCC_FALSE='#'
GCC_TRUE=''
GFLAGS_CFLAGS=''
GFLAGS_LIBS='-lgflags'
GMOCK_CFLAGS=''
GMOCK_CONFIG=''
GMOCK_LIBS=''
GREP='/bin/grep'
GTEST_CFLAGS=''
GTEST_CONFIG=''
GTEST_LIBS=''
HAVE_GMOCK_FALSE=''
HAVE_GMOCK_TRUE='#'
INSTALL_DATA='${INSTALL} -m 644'
INSTALL_PROGRAM='${INSTALL}'
INSTALL_SCRIPT='${INSTALL}'
INSTALL_STRIP_PROGRAM='$(install_sh) -c -s'
LD='/home/alxmopo3ov/.ya/tools/48150207/bin/ld -m elf_x86_64'
LDFLAGS='-L/mnt/raid/home/alxmopo3ov/.ya/tools/48150207/lib'
LIBOBJS=''
LIBS='-lpthread '
LIBTOOL='$(SHELL) $(top_builddir)/libtool'
LIBTOOL_DEPS='./ltmain.sh'
LIPO=''
LN_S='ln -s'
LTLIBOBJS=''
MAKEINFO='makeinfo'
MANIFEST_TOOL=':'
MINGW_CFLAGS=''
MKDIR_P='/bin/mkdir -p'
NM='/usr/bin/nm -B'
NMEDIT=''
OBJDUMP='objdump'
OBJEXT='o'
OTOOL64=''
OTOOL=''
PACKAGE='glog'
PACKAGE_BUGREPORT='opensource@google.com'
PACKAGE_NAME='glog'
PACKAGE_STRING='glog 0.3.4'
PACKAGE_TARNAME='glog'
PACKAGE_URL=''
PACKAGE_VERSION='0.3.4'
PATH_SEPARATOR=':'
PTHREAD_CC='/home/alxmopo3ov/.ya/tools/48150207/bin/clang'
PTHREAD_CFLAGS='-pthread'
PTHREAD_LIBS=''
RANLIB='ranlib'
SED='/bin/sed'
SET_MAKE=''
SHELL='/bin/sh'
STRIP='strip'
UNWIND_LIBS=''
VERSION='0.3.4'
X86_64_FALSE='#'
X86_64_TRUE=''
ac_ct_AR='ar'
ac_ct_CC='/home/alxmopo3ov/.ya/tools/48150207/bin/clang'
ac_ct_CXX=''
ac_ct_DUMPBIN=''
ac_cv___attribute___noinline='__attribute__ ((noinline))'
ac_cv___attribute___noreturn='__attribute__ ((noreturn))'
ac_cv___attribute___printf_4_5='__attribute__((__format__ (__printf__, 4, 5)))'
ac_cv_cxx_using_operator='1'
ac_cv_have___builtin_expect='1'
ac_cv_have___uint16='0'
ac_cv_have_inttypes_h='1'
ac_cv_have_libgflags='1'
ac_cv_have_stdint_h='1'
ac_cv_have_systypes_h='1'
ac_cv_have_u_int16_t='1'
ac_cv_have_uint16_t='1'
ac_cv_have_unistd_h='1'
ac_google_end_namespace='}'
ac_google_namespace='google'
ac_google_start_namespace='namespace google {'
acx_pthread_config=''
am__EXEEXT_FALSE=''
am__EXEEXT_TRUE='#'
am__fastdepCC_FALSE='#'
am__fastdepCC_TRUE=''
am__fastdepCXX_FALSE='#'
am__fastdepCXX_TRUE=''
am__include='include'
am__isrc=''
am__leading_dot='.'
am__nodep='_no'
am__quote=''
am__tar='$${TAR-tar} chof - "$$tardir"'
am__untar='$${TAR-tar} xf -'
bindir='${exec_prefix}/bin'
build='x86_64-unknown-linux-gnu'
build_alias=''
build_cpu='x86_64'
build_os='linux-gnu'
build_vendor='unknown'
datadir='${datarootdir}'
datarootdir='${prefix}/share'
docdir='${datarootdir}/doc/${PACKAGE_TARNAME}'
dvidir='${docdir}'
exec_prefix='${prefix}'
host='x86_64-unknown-linux-gnu'
host_alias=''
host_cpu='x86_64'
host_os='linux-gnu'
host_vendor='unknown'
htmldir='${docdir}'
includedir='${prefix}/include'
infodir='${datarootdir}/info'
install_sh='${SHELL} /home/alxmopo3ov/mini-arcadia/junk/alxmopo3ov/wormhole/deps/glog/sources/install-sh'
libdir='${exec_prefix}/lib'
libexecdir='${exec_prefix}/libexec'
localedir='${datarootdir}/locale'
localstatedir='${prefix}/var'
mandir='${datarootdir}/man'
mkdir_p='$(MKDIR_P)'
oldincludedir='/usr/include'
pdfdir='${docdir}'
prefix='/usr/local'
program_transform_name='s,x,x,'
psdir='${docdir}'
sbindir='${exec_prefix}/sbin'
sharedstatedir='${prefix}/com'
sysconfdir='${prefix}/etc'
target_alias=''

## ----------- ##
## confdefs.h. ##
## ----------- ##

/* confdefs.h */
#define PACKAGE_NAME "glog"
#define PACKAGE_TARNAME "glog"
#define PACKAGE_VERSION "0.3.4"
#define PACKAGE_STRING "glog 0.3.4"
#define PACKAGE_BUGREPORT "opensource@google.com"
#define PACKAGE_URL ""
#define PACKAGE "glog"
#define VERSION "0.3.4"
#define HAVE_SYS_TYPES_H 1
#define HAVE_SYS_STAT_H 1
#define HAVE_STDLIB_H 1
#define HAVE_STRING_H 1
#define HAVE_MEMORY_H 1
#define HAVE_STRINGS_H 1
#define HAVE_INTTYPES_H 1
#define HAVE_STDINT_H 1
#define HAVE_UNISTD_H 1
#define HAVE_DLFCN_H 1
#define LT_OBJDIR ".libs/"
#define HAVE_UNISTD_H 1
#define HAVE_SYSCALL_H 1
#define HAVE_SYS_SYSCALL_H 1
#define HAVE_EXECINFO_H 1
#define HAVE_UCONTEXT_H 1
#define HAVE_SYS_UTSNAME_H 1
#define HAVE_PWD_H 1
#define HAVE_SYSLOG_H 1
#define HAVE_SYS_TIME_H 1
#define HAVE_GLOB_H 1
#define HAVE_UNWIND_H 1
#define SIZEOF_VOID_P 8
#define HAVE_SIGALTSTACK 1
#define HAVE_SIGACTION 1
#define HAVE_FCNTL 1
#define HAVE_PREAD 1
#define HAVE_PWRITE 1
#define HAVE___ATTRIBUTE__ 1
#define HAVE___BUILTIN_EXPECT 1
#define HAVE___SYNC_VAL_COMPARE_AND_SWAP 1
#define HAVE_PTHREAD 1
#define HAVE_LIBPTHREAD 1
#define HAVE_LIB_GFLAGS 1
#define HAVE_RWLOCK 1
#define HAVE_NAMESPACES 1
#define STL_NAMESPACE std
#define GOOGLE_NAMESPACE google
#define _START_GOOGLE_NAMESPACE_ namespace google {
#define _END_GOOGLE_NAMESPACE_ }
#define HAVE_USING_OPERATOR 1
#define HAVE_UCONTEXT_H 1
#define HAVE_SYS_UCONTEXT_H 1
#define PC_FROM_UCONTEXT uc_mcontext.gregs[REG_RIP]
#define TEST_SRC_DIR "."

configure: exit 0


